arch/ts2068/misc/z80/asm_ts_vmod
arch/ts2068/misc/z80/asm_tshc_cls
arch/ts2068/misc/z80/asm_tshc_cls_attr
arch/ts2068/misc/z80/asm_tshc_cls_pix
arch/ts2068/misc/z80/asm_tshc_cls_wc
arch/ts2068/misc/z80/asm_tshc_cls_wc_attr
arch/ts2068/misc/z80/asm_tshc_cls_wc_pix
arch/ts2068/misc/z80/asm_tshc_scroll_up
arch/ts2068/misc/z80/asm_tshc_scroll_up_attr
arch/ts2068/misc/z80/asm_tshc_scroll_up_pix
arch/ts2068/misc/z80/asm_tshc_scroll_wc_up
arch/ts2068/misc/z80/asm_tshc_scroll_wc_up_attr
arch/ts2068/misc/z80/asm_tshc_scroll_wc_up_pix
arch/ts2068/misc/z80/asm_tshc_visit_wc_attr
arch/ts2068/misc/z80/asm_tshc_visit_wc_pix
arch/ts2068/misc/z80/asm_tshr_cls
arch/ts2068/misc/z80/asm_tshr_cls_attr
arch/ts2068/misc/z80/asm_tshr_cls_pix
arch/ts2068/misc/z80/asm_tshr_cls_wc_pix
arch/ts2068/misc/z80/asm_tshr_scroll_up
arch/ts2068/misc/z80/asm_tshr_scroll_up_pix
arch/ts2068/misc/z80/asm_tshr_scroll_wc_up_pix
arch/ts2068/misc/z80/asm_tshr_visit_wc_pix
