@arch/zx/misc/misc_sccz80.lst
@arch/ts2068/misc/misc_asm.lst
arch/ts2068/misc/c/sccz80/ts_vmod
arch/ts2068/misc/c/sccz80/tshc_cls
arch/ts2068/misc/c/sccz80/tshc_cls_attr
arch/ts2068/misc/c/sccz80/tshc_cls_pix
arch/ts2068/misc/c/sccz80/tshc_cls_wc
arch/ts2068/misc/c/sccz80/tshc_cls_wc_attr
arch/ts2068/misc/c/sccz80/tshc_cls_wc_attr_callee
arch/ts2068/misc/c/sccz80/tshc_cls_wc_callee
arch/ts2068/misc/c/sccz80/tshc_cls_wc_pix
arch/ts2068/misc/c/sccz80/tshc_cls_wc_pix_callee
arch/ts2068/misc/c/sccz80/tshc_scroll_up
arch/ts2068/misc/c/sccz80/tshc_scroll_up_attr
arch/ts2068/misc/c/sccz80/tshc_scroll_up_attr_callee
arch/ts2068/misc/c/sccz80/tshc_scroll_up_callee
arch/ts2068/misc/c/sccz80/tshc_scroll_up_pix
arch/ts2068/misc/c/sccz80/tshc_scroll_up_pix_callee
arch/ts2068/misc/c/sccz80/tshc_scroll_wc_up
arch/ts2068/misc/c/sccz80/tshc_scroll_wc_up_attr
arch/ts2068/misc/c/sccz80/tshc_scroll_wc_up_attr_callee
arch/ts2068/misc/c/sccz80/tshc_scroll_wc_up_callee
arch/ts2068/misc/c/sccz80/tshc_scroll_wc_up_pix
arch/ts2068/misc/c/sccz80/tshc_scroll_wc_up_pix_callee
arch/ts2068/misc/c/sccz80/tshc_visit_wc_attr
arch/ts2068/misc/c/sccz80/tshc_visit_wc_attr_callee
arch/ts2068/misc/c/sccz80/tshc_visit_wc_pix
arch/ts2068/misc/c/sccz80/tshc_visit_wc_pix_callee
arch/ts2068/misc/c/sccz80/tshr_cls
arch/ts2068/misc/c/sccz80/tshr_cls_attr
arch/ts2068/misc/c/sccz80/tshr_cls_pix
arch/ts2068/misc/c/sccz80/tshr_cls_wc_pix
arch/ts2068/misc/c/sccz80/tshr_cls_wc_pix_callee
arch/ts2068/misc/c/sccz80/tshr_scroll_up
arch/ts2068/misc/c/sccz80/tshr_scroll_up_callee
arch/ts2068/misc/c/sccz80/tshr_scroll_up_pix
arch/ts2068/misc/c/sccz80/tshr_scroll_up_pix_callee
arch/ts2068/misc/c/sccz80/tshr_scroll_wc_up_pix
arch/ts2068/misc/c/sccz80/tshr_scroll_wc_up_pix_callee
arch/ts2068/misc/c/sccz80/tshr_visit_wc_pix
arch/ts2068/misc/c/sccz80/tshr_visit_wc_pix_callee
