@arch/sms/PSGlib/PSGlib_asm.lst
arch/sms/PSGlib/c/sdcc/PSGCancelLoop
arch/sms/PSGlib/c/sdcc/PSGFrame
arch/sms/PSGlib/c/sdcc/PSGGetStatus
arch/sms/PSGlib/c/sdcc/PSGPlay
arch/sms/PSGlib/c/sdcc/PSGPlay_fastcall
arch/sms/PSGlib/c/sdcc/PSGPlayNoRepeat
arch/sms/PSGlib/c/sdcc/PSGPlayNoRepeat_fastcall
arch/sms/PSGlib/c/sdcc/PSGRestoreVolumes
arch/sms/PSGlib/c/sdcc/PSGSetMusicVolumeAttenuation
arch/sms/PSGlib/c/sdcc/PSGSetMusicVolumeAttenuation_fastcall
arch/sms/PSGlib/c/sdcc/PSGSFXCancelLoop
arch/sms/PSGlib/c/sdcc/PSGSFXFrame
arch/sms/PSGlib/c/sdcc/PSGSFXGetStatus
arch/sms/PSGlib/c/sdcc/PSGSFXPlay
arch/sms/PSGlib/c/sdcc/PSGSFXPlay_callee
arch/sms/PSGlib/c/sdcc/PSGSFXPlayLoop
arch/sms/PSGlib/c/sdcc/PSGSFXPlayLoop_callee
arch/sms/PSGlib/c/sdcc/PSGSFXStop
arch/sms/PSGlib/c/sdcc/PSGSilenceChannels
arch/sms/PSGlib/c/sdcc/PSGStop
