adt/b_vector/z80/asm_b_vector_append
adt/b_vector/z80/asm_b_vector_append_block
adt/b_vector/z80/asm_b_vector_append_n
adt/b_vector/z80/asm_b_vector_at
adt/b_vector/z80/asm_b_vector_back
adt/b_vector/z80/asm_b_vector_capacity
adt/b_vector/z80/asm_b_vector_clear
adt/b_vector/z80/asm_b_vector_data
adt/b_vector/z80/asm_b_vector_destroy
adt/b_vector/z80/asm_b_vector_empty
adt/b_vector/z80/asm_b_vector_erase
adt/b_vector/z80/asm_b_vector_erase_block
adt/b_vector/z80/asm_b_vector_erase_range
adt/b_vector/z80/asm_b_vector_front
adt/b_vector/z80/asm_b_vector_init
adt/b_vector/z80/asm_b_vector_insert
adt/b_vector/z80/asm_b_vector_insert_block
adt/b_vector/z80/asm_b_vector_insert_n
adt/b_vector/z80/asm_b_vector_max_size
adt/b_vector/z80/asm_b_vector_pop_back
adt/b_vector/z80/asm_b_vector_push_back
adt/b_vector/z80/asm_b_vector_read_block
adt/b_vector/z80/asm_b_vector_reserve
adt/b_vector/z80/asm_b_vector_resize
adt/b_vector/z80/asm_b_vector_shrink_to_fit
adt/b_vector/z80/asm_b_vector_size
adt/b_vector/z80/asm_b_vector_write_block
adt/b_vector/z80/__vector_make_room
adt/b_vector/z80/__vector_make_room_best_effort
adt/b_vector/z80/__vector_realloc_grow
