drivers/tty/state/asm_tty_execute_action
drivers/tty/state/asm_tty_output_char
drivers/tty/state/asm_tty_param_b_absorb
drivers/tty/state/asm_tty_param_b_action
drivers/tty/state/asm_tty_param_bb_absorb
drivers/tty/state/asm_tty_param_bb_action
drivers/tty/state/asm_tty_param_bbb_absorb
drivers/tty/state/asm_tty_param_bbb_action
drivers/tty/state/asm_tty_param_bbbb_absorb
drivers/tty/state/asm_tty_param_bbbb_action
drivers/tty/state/asm_tty_reset
drivers/tty/state/asm_tty_state_0
drivers/tty/state/asm_tty_state_get_1
drivers/tty/state/asm_tty_state_get_2
drivers/tty/state/asm_tty_state_get_3
drivers/tty/state/asm_tty_state_get_4
drivers/tty/state/asm_tty_state_param_none_absorb
drivers/tty/state/asm_tty_state_param_none_action
drivers/tty/state/asm_tty_state_param_store
drivers/tty/tty_z88dk/tty_z88dk_state_table
