target/x1/input/in_Inkey
target/x1/input/in_JoyX1
target/x1/input/in_LookupKey
target/x1/input/in_KeyPressed
target/x1/input/in_Pause
target/x1/input/in_Wait
target/x1/input/in_WaitForKey
target/x1/input/in_WaitForNoKey
input/fgetc_cons_inkey
target/x1/stdio/generic_console_cls
target/x1/stdio/generic_console_ioctl
target/x1/stdio/generic_console_printc
target/x1/stdio/generic_console_scrollup
target/x1/stdio/generic_console_vpeek
target/x1/stdio/generic_console_xypos
target/x1/stdio/generic_console
target/x1/stdio/conio_vars
target/x1/stdio/conio_map_colour
target/x1/stdio/CRT_FONT
@stdio/ansicore.lst
@font/font_8x8/font_8x8.lst
target/x1/stdio/ansi/f_ansi_attr
target/x1/stdio/ansi/f_ansi_bel
target/x1/stdio/ansi/f_ansi_char
target/x1/stdio/ansi/f_ansi_cls
target/x1/stdio/ansi/f_ansi_dline
target/x1/stdio/ansi/f_ansi_scrollup
target/x1/graphics/clg
target/x1/graphics/getmaxx
target/x1/graphics/getmaxy
target/x1/graphics/w_pixladdr
target/x1/graphics/w_plotpixl
target/x1/graphics/w_respixl
target/x1/graphics/w_xorpixl
target/x1/graphics/w_pointxy
@gfx/wide/gfx_wide.lst
target/x1/x1/subcpu_command
target/x1/x1/subcpu_get
target/x1/x1/subcpu_set
target/x1/x1/set_crtc
target/x1/x1/set_crtc_10
target/x1/x1/set_crtc_reg
target/x1/x1/x1_get_pcg_version
target/x1/x1/x1_set_text_80
target/x1/x1/x1_set_text_80_hs
target/x1/x1/x1_set_text_40
target/x1/x1/x1_set_text_40_hs
target/x1/x1/asm_set_palette
target/x1/x1/x1_set_palette
target/x1/x1/x1_load_pcg
target/x1/x1/asm_load_pcg
target/x1/time/clock
target/x1/time/time
target/x1/psg/set_psg
target/x1/psg/set_psg_callee
target/x1/psg/get_psg
target/x1/psg/psg_init
target/x1/x1/asm_x1_keyboard_handler
@psg/psg.lst
