alloc/obstack/z80/asm_obstack_1grow
alloc/obstack/z80/asm_obstack_1grow_fast
alloc/obstack/z80/asm_obstack_align_distance
alloc/obstack/z80/asm_obstack_align_to
alloc/obstack/z80/asm_obstack_alloc
alloc/obstack/z80/asm_obstack_base
alloc/obstack/z80/asm_obstack_blank
alloc/obstack/z80/asm_obstack_blank_fast
alloc/obstack/z80/asm_obstack_copy
alloc/obstack/z80/asm_obstack_copy0
alloc/obstack/z80/asm_obstack_finish
alloc/obstack/z80/asm_obstack_free
alloc/obstack/z80/asm_obstack_grow
alloc/obstack/z80/asm_obstack_grow0
alloc/obstack/z80/asm_obstack_init
alloc/obstack/z80/asm_obstack_int_grow
alloc/obstack/z80/asm_obstack_int_grow_fast
alloc/obstack/z80/asm_obstack_next_free
alloc/obstack/z80/asm_obstack_object_size
alloc/obstack/z80/asm_obstack_room
