input/zx/z80/__amx_mouse_variables
input/zx/z80/__kempston_mouse_variables
input/zx/z80/asm_in_inkey
input/zx/z80/asm_in_key_pressed
input/zx/z80/asm_in_key_scancode
input/zx/z80/asm_in_mouse_amx
input/zx/z80/asm_in_mouse_amx_init
input/zx/z80/asm_in_mouse_amx_setpos
input/zx/z80/asm_in_mouse_amx_wheel
input/zx/z80/asm_in_mouse_amx_wheel_delta
input/zx/z80/asm_in_mouse_kempston
input/zx/z80/asm_in_mouse_kempston_init
input/zx/z80/asm_in_mouse_kempston_setpos
input/zx/z80/asm_in_mouse_kempston_wheel
input/zx/z80/asm_in_mouse_kempston_wheel_delta
input/zx/z80/asm_in_pause
input/zx/z80/asm_in_stick_cursor
input/zx/z80/asm_in_stick_fuller
input/zx/z80/asm_in_stick_kempston
input/zx/z80/asm_in_stick_keyboard
input/zx/z80/asm_in_stick_sinclair1
input/zx/z80/asm_in_stick_sinclair2
input/zx/z80/asm_in_test_key
input/zx/z80/asm_in_wait_key
input/zx/z80/asm_in_wait_nokey
input/zx/z80/in_key_translation_table
