z80/c/sdcc/z80_delay_ms
z80/c/sdcc/z80_delay_ms_fastcall
z80/c/sdcc/z80_delay_tstate
z80/c/sdcc/z80_delay_tstate_fastcall
z80/c/sdcc/z80_get_int_state
z80/c/sdcc/z80_indr
z80/c/sdcc/z80_indr_callee
z80/c/sdcc/z80_inir
z80/c/sdcc/z80_inir_callee
z80/c/sdcc/z80_inp
z80/c/sdcc/z80_inp_fastcall
z80/c/sdcc/z80_otdr
z80/c/sdcc/z80_otdr_callee
z80/c/sdcc/z80_otir
z80/c/sdcc/z80_otir_callee
z80/c/sdcc/z80_outp
z80/c/sdcc/z80_outp_callee
z80/c/sdcc/z80_set_int_state
z80/c/sdcc/z80_set_int_state_fastcall
@z80/z80_asm.lst
