@adt/adt_sdcc_iy.lst
@alloc/alloc_sdcc_iy.lst
@arch/hbios/hbios_sdcc.lst
@compress/compress_sdcc_iy.lst
@ctype/ctype_sdcc_iy.lst
@drivers/drivers.lst
@error/error.lst
@fcntl/fcntl_sdcc_iy.lst
@font/font_4x8/fonts.lst
@font/font_8x8/fonts.lst
@font/fzx/zx/zx_sdcc_iy.lst
@im2/im2_sdcc.lst
@input/hbios/input_sdcc_iy.lst
@inttypes/inttypes_sdcc_iy.lst
@l/l.lst
@l/sdcc.lst
@libgen/libgen_sdcc.lst
@locale/locale.lst
@math/math_integer.lst
@math/math_float_sdcc_iy.lst
@network/network_sdcc_iy.lst
@setjmp/setjmp_sdcc_iy.lst
@stdio/stdio_sdcc_iy.lst
@stdlib/stdlib_sdcc_iy.lst
@string/string_sdcc_iy.lst
@target/hbios/driver/driver_sdcc_iy.lst
@threads/threads_sdcc_iy.lst
@time/time_sdcc.lst
@z80/z80_sdcc.lst
