@adt/adt_sccz80.lst
@alloc/alloc_sccz80.lst
@arch/zxn/zxn_sccz80.lst
@compress/compress_sccz80.lst
@ctype/ctype_sccz80.lst
@drivers/drivers.lst
@env/esxdos/esxdos_sccz80.lst
@error/error.lst
@fcntl/fcntl_sccz80.lst
@font/font_4x8/fonts.lst
@font/font_8x8/fonts.lst
@font/fzx/fzx_sccz80.lst
@font/fzx/zxn/zxn_sccz80.lst
@im2/im2_sccz80.lst
@input/zx/input_sccz80.lst
@inttypes/inttypes_sccz80.lst
@l/l.lst
@l/sccz80.lst
@libgen/libgen_sccz80.lst
@locale/locale.lst
@math/math_integer.lst
@math/math_integer_z80n.lst
@math/math_float_sccz80_z80n.lst
@network/network_sccz80.lst
@setjmp/setjmp_sccz80.lst
@sound/sound_sccz80.lst
@stdio/stdio_sccz80.lst
@stdlib/stdlib_sccz80.lst
@string/string_sccz80.lst
@target/zxn/driver/driver.lst
@temp/sp1/zx/sp1_zx_sccz80.lst
@threads/threads_sccz80.lst
@time/time_sccz80.lst
@z80/z80_sccz80.lst
