fcntl/z80/__fcntl_fd_from_fdstruct
fcntl/z80/__fcntl_fdchain_descend
fcntl/z80/__fcntl_fdstruct_from_fd_1
fcntl/z80/__fcntl_fdstruct_from_fd_2
fcntl/z80/__fcntl_fdtbl_lock
fcntl/z80/__fcntl_first_available_fd
fcntl/z80/__fcntl_inc_refcount
fcntl/z80/__fcntl_lock_fdtbl
fcntl/z80/__fcntl_unlock_fdtbl
fcntl/z80/asm__exit
fcntl/z80/asm_close
fcntl/z80/asm_creat
fcntl/z80/asm_dup
fcntl/z80/asm_dup2
fcntl/z80/asm_ioctl
fcntl/z80/asm_lseek
fcntl/z80/asm_open
fcntl/z80/asm_read
fcntl/z80/asm_vioctl
fcntl/z80/asm_vopen
fcntl/z80/asm_write
