fcntl/c/sdcc_ix/close
fcntl/c/sdcc_ix/close_fastcall
fcntl/c/sdcc_ix/creat
fcntl/c/sdcc_ix/creat_callee
fcntl/c/sdcc_ix/dup
fcntl/c/sdcc_ix/dup_fastcall
fcntl/c/sdcc_ix/dup2
fcntl/c/sdcc_ix/dup2_callee
fcntl/c/sdcc_ix/ioctl
fcntl/c/sdcc_ix/lseek
fcntl/c/sdcc_ix/lseek_callee
fcntl/c/sdcc_ix/open
fcntl/c/sdcc_ix/read
fcntl/c/sdcc_ix/read_callee
fcntl/c/sdcc_ix/vioctl
fcntl/c/sdcc_ix/vioctl_callee
fcntl/c/sdcc_ix/vopen
fcntl/c/sdcc_ix/vopen_callee
fcntl/c/sdcc_ix/write
fcntl/c/sdcc_ix/write_callee
@fcntl/fcntl_asm.lst
