fcntl/c/sdcc_iy/close
fcntl/c/sdcc_iy/close_fastcall
fcntl/c/sdcc_iy/creat
fcntl/c/sdcc_iy/creat_callee
fcntl/c/sdcc_iy/dup
fcntl/c/sdcc_iy/dup_fastcall
fcntl/c/sdcc_iy/dup2
fcntl/c/sdcc_iy/dup2_callee
fcntl/c/sdcc_iy/ioctl
fcntl/c/sdcc_iy/lseek
fcntl/c/sdcc_iy/lseek_callee
fcntl/c/sdcc_iy/open
fcntl/c/sdcc_iy/read
fcntl/c/sdcc_iy/read_callee
fcntl/c/sdcc_iy/vioctl
fcntl/c/sdcc_iy/vioctl_callee
fcntl/c/sdcc_iy/vopen
fcntl/c/sdcc_iy/vopen_callee
fcntl/c/sdcc_iy/write
fcntl/c/sdcc_iy/write_callee
@fcntl/fcntl_asm.lst
