arch/zxn/esxdos/z80/__esx_exx_mmu67_bc
arch/zxn/esxdos/z80/__vars_esx_errh
arch/zxn/esxdos/z80/__vars_esx_stream
arch/zxn/esxdos/z80/asm_esx_disk_filemap
arch/zxn/esxdos/z80/asm_esx_disk_stream_bytes
arch/zxn/esxdos/z80/asm_esx_disk_stream_end
arch/zxn/esxdos/z80/asm_esx_disk_stream_sectors
arch/zxn/esxdos/z80/asm_esx_disk_stream_start
arch/zxn/esxdos/z80/asm_esx_dos_catalog
arch/zxn/esxdos/z80/asm_esx_dos_catalog_next
arch/zxn/esxdos/z80/asm_esx_dos_getset_drive
arch/zxn/esxdos/z80/asm_esx_f_chdir
arch/zxn/esxdos/z80/asm_esx_f_chmod
arch/zxn/esxdos/z80/asm_esx_f_close
arch/zxn/esxdos/z80/asm_esx_f_closedir
arch/zxn/esxdos/z80/asm_esx_f_fgetpos
arch/zxn/esxdos/z80/asm_esx_f_fstat
arch/zxn/esxdos/z80/asm_esx_f_ftrunc
arch/zxn/esxdos/z80/asm_esx_f_get_canonical_path
arch/zxn/esxdos/z80/asm_esx_f_getcwd
arch/zxn/esxdos/z80/asm_esx_f_getcwd_drive
arch/zxn/esxdos/z80/asm_esx_f_getfree
arch/zxn/esxdos/z80/asm_esx_f_mkdir
arch/zxn/esxdos/z80/asm_esx_f_open
arch/zxn/esxdos/z80/asm_esx_f_opendir
arch/zxn/esxdos/z80/asm_esx_f_open_p3
arch/zxn/esxdos/z80/asm_esx_f_read
arch/zxn/esxdos/z80/asm_esx_f_readdir
arch/zxn/esxdos/z80/asm_esx_f_rename
arch/zxn/esxdos/z80/asm_esx_f_rewinddir
arch/zxn/esxdos/z80/asm_esx_f_rmdir
arch/zxn/esxdos/z80/asm_esx_f_seek
arch/zxn/esxdos/z80/asm_esx_f_seekdir
arch/zxn/esxdos/z80/asm_esx_f_stat
arch/zxn/esxdos/z80/asm_esx_f_sync
arch/zxn/esxdos/z80/asm_esx_f_telldir
arch/zxn/esxdos/z80/asm_esx_f_trunc
arch/zxn/esxdos/z80/asm_esx_f_unlink
arch/zxn/esxdos/z80/asm_esx_f_write
arch/zxn/esxdos/z80/asm_esx_ide_bank_alloc
arch/zxn/esxdos/z80/asm_esx_ide_bank_avail
arch/zxn/esxdos/z80/asm_esx_ide_bank_free
arch/zxn/esxdos/z80/asm_esx_ide_bank_reserve
arch/zxn/esxdos/z80/asm_esx_ide_bank_total
arch/zxn/esxdos/z80/asm_esx_ide_browser
arch/zxn/esxdos/z80/asm_esx_ide_get_lfn
arch/zxn/esxdos/z80/asm_esx_ide_mode_get
arch/zxn/esxdos/z80/asm_esx_ide_mode_set
arch/zxn/esxdos/z80/asm_esx_m_dosversion
arch/zxn/esxdos/z80/asm_esx_m_drvapi
arch/zxn/esxdos/z80/asm_esx_m_errh
arch/zxn/esxdos/z80/asm_esx_m_execcmd
arch/zxn/esxdos/z80/asm_esx_m_getdate
arch/zxn/esxdos/z80/asm_esx_m_geterr
arch/zxn/esxdos/z80/asm_esx_m_gethandle
arch/zxn/esxdos/z80/asm_esx_m_getsetdrv
arch/zxn/esxdos/z80/asm_esx_m_setcaps
arch/zxn/esxdos/z80/asm_esx_m_tapein_close
arch/zxn/esxdos/z80/asm_esx_m_tapein_flags
arch/zxn/esxdos/z80/asm_esx_m_tapein_getpos
arch/zxn/esxdos/z80/asm_esx_m_tapein_info
arch/zxn/esxdos/z80/asm_esx_m_tapein_open
arch/zxn/esxdos/z80/asm_esx_m_tapein_setpos
arch/zxn/esxdos/z80/asm_esx_m_tapein_toggle_pause
arch/zxn/esxdos/z80/asm_esx_m_tapeout_close
arch/zxn/esxdos/z80/asm_esx_m_tapeout_info
arch/zxn/esxdos/z80/asm_esx_m_tapeout_open
arch/zxn/esxdos/z80/asm_esx_m_tapeout_trunc
arch/zxn/esxdos/z80/asm_esx_slice_dirent
arch/zxn/esxdos/z80/asm_extended_sna_load
arch/zxn/esxdos/z80/asm_p3dos_copy_cstr_to_pstr
arch/zxn/esxdos/z80/asm_p3dos_copy_pstr_to_cstr
arch/zxn/esxdos/z80/asm_p3dos_cstr_to_pstr
arch/zxn/esxdos/z80/asm_p3dos_dosname_from_catname
arch/zxn/esxdos/z80/asm_p3dos_edrv_from_pdrv
arch/zxn/esxdos/z80/asm_p3dos_pdrv_from_edrv
arch/zxn/esxdos/z80/asm_p3dos_pstr_to_cstr
