font/fzx/z80/__fzx_buffer_glyph_width
font/fzx/z80/__fzx_char_struct
font/fzx/z80/__fzx_partition_width_adjust
font/fzx/z80/__fzx_puts_newline
font/fzx/z80/__fzx_puts_single_spacing
font/fzx/z80/__fzx_string_glyph_width
font/fzx/z80/asm_fzx_at
font/fzx/z80/asm_fzx_buffer_extent
font/fzx/z80/asm_fzx_buffer_partition
font/fzx/z80/asm_fzx_buffer_partition_ww
font/fzx/z80/asm_fzx_char_metrics
font/fzx/z80/asm_fzx_glyph_width
font/fzx/z80/asm_fzx_puts
font/fzx/z80/asm_fzx_puts_justified
font/fzx/z80/asm_fzx_state_init
font/fzx/z80/asm_fzx_string_extent
font/fzx/z80/asm_fzx_string_partition
font/fzx/z80/asm_fzx_string_partition_ww
font/fzx/z80/asm_fzx_write
font/fzx/z80/asm_fzx_write_justified
@font/fzx/fonts/fonts.lst
