target/cpm/fcntl/obj/${TYPE}/${DEVICE}/bios
target/cpm/fcntl/obj/${TYPE}/${DEVICE}/bdos
target/cpm/fcntl/obj/${TYPE}/${DEVICE}/close
target/cpm/fcntl/obj/${TYPE}/${DEVICE}/creat
target/cpm/fcntl/obj/${TYPE}/${DEVICE}/change_volume
target/cpm/fcntl/obj/${TYPE}/${DEVICE}/dir_move_first
target/cpm/fcntl/obj/${TYPE}/${DEVICE}/dir_move_next
target/cpm/fcntl/obj/${TYPE}/${DEVICE}/dir_get_entry_type
target/cpm/fcntl/obj/${TYPE}/${DEVICE}/dir_get_entry_name
target/cpm/fcntl/obj/${TYPE}/${DEVICE}/dir_get_entry_size
target/cpm/fcntl/obj/${TYPE}/${DEVICE}/get_current_volume
target/cpm/fcntl/obj/${TYPE}/${DEVICE}/get_dir_name
target/cpm/fcntl/obj/${TYPE}/${DEVICE}/fdgetpos
target/cpm/fcntl/obj/${TYPE}/${DEVICE}/fdtell
target/cpm/fcntl/obj/${TYPE}/${DEVICE}/getfcb
target/cpm/fcntl/obj/${TYPE}/${DEVICE}/lseek
target/cpm/fcntl/obj/${TYPE}/${DEVICE}/open
target/cpm/fcntl/obj/${TYPE}/${DEVICE}/parsefcb
target/cpm/fcntl/obj/${TYPE}/${DEVICE}/_putoffset
target/cpm/fcntl/obj/${TYPE}/${DEVICE}/read
target/cpm/fcntl/obj/${TYPE}/${DEVICE}/readbyte
target/cpm/fcntl/obj/${TYPE}/${DEVICE}/remove
target/cpm/fcntl/obj/${TYPE}/${DEVICE}/rename
target/cpm/fcntl/obj/${TYPE}/${DEVICE}/setfcb
target/cpm/fcntl/obj/${TYPE}/${DEVICE}/stat
target/cpm/fcntl/obj/${TYPE}/${DEVICE}/write
target/cpm/fcntl/obj/${TYPE}/${DEVICE}/writebyte
