target/zx81/zx81/cnvtab
target/zx81/zx81/filltxt
target/zx81/zx81/rollchr
target/zx81/zx81/gen_tv_field_init
target/zx81/zx81/gen_tv_field
target/zx81/zx81/invtxt
target/zx81/zx81/mirrortxt
target/zx81/zx81/scrolluptxt
target/zx81/zx81/scrolldowntxt
target/zx81/zx81/zx_cls
target/zx81/zx81/zx_topleft
target/zx81/zx81/zx81toasc
target/zx81/zx81/asctozx81
target/zx81/zx81/zx_ascii
target/zx81/zx81/ascii_zx
target/zx81/zx81/zx_asciimode
target/zx81/zx81/zx_break
target/zx81/zx81/zx_coord_adj
target/zx81/zx81/zx_dfile_addr
target/zx81/zx81/zx_setcursorpos
target/zx81/zx81/zx_setcursorpos_callee
target/zx81/zx81/zx_lprintc
target/zx81/zx81/zx_lprintc5
target/zx81/zx81/zx_print_buf
target/zx81/zx81/basic/zx_basemem
target/zx81/zx81/basic/zx_basic_length
target/zx81/zx81/basic/zx_getint
target/zx81/zx81/basic/zx_getstr
target/zx81/zx81/basic/zx_getstr_callee
target/zx81/zx81/basic/zx_line
target/zx81/zx81/basic/zx_setint
target/zx81/zx81/basic/zx_locatenum
target/zx81/zx81/basic/zx_setint_callee
target/zx81/zx81/basic/zx_setstr
target/zx81/zx81/basic/zx_setstr_callee
target/zx81/zx81/basic/zx_var_length
target/zx81/zx81/basic/zx_getfloat
target/zx81/zx81/basic/zx_setfloat
target/zx81/zx81/basic/zx_setfloat_callee
target/zx81/zx81/chroma81/zx_attr.asm
target/zx81/zx81/chroma81/zx_attr_callee.asm
target/zx81/zx81/chroma81/zx_border.asm
target/zx81/zx81/chroma81/zx_colour.asm
target/zx81/zx81/chroma81/zx_aaddr2cx.asm
target/zx81/zx81/chroma81/zx_aaddr2cy.asm
target/zx81/zx81/chroma81/zx_aaddr2px.asm
target/zx81/zx81/chroma81/zx_aaddr2py.asm
target/zx81/zx81/chroma81/zx_aaddrcdown.asm
target/zx81/zx81/chroma81/zx_aaddrcleft.asm
target/zx81/zx81/chroma81/zx_aaddrcright.asm
target/zx81/zx81/chroma81/zx_aaddrcup.asm
target/zx81/zx81/chroma81/zx_cy2aaddr.asm
target/zx81/zx81/chroma81/zx_cyx2aaddr.asm
target/zx81/zx81/chroma81/zx_cyx2aaddr_callee.asm
target/zx81/zx81/chroma81/zx_pxy2aaddr.asm
target/zx81/zx81/chroma81/zx_pxy2aaddr_callee.asm
target/zx81/zx81/chroma81/zx_py2aaddr.asm
target/zx81/zx81/tape/musamy_save
target/zx81/zx81/tape/tape_save_block
target/zx81/zx81/tape/tape_save_block_callee
target/zx81/zx81/tape/set_tape_speed
target/zx81/zx81/tape/musamy_load
target/zx81/zx81/tape/tape_load_block
target/zx81/zx81/tape/tape_load_block_callee
