input/obj/${TYPE}/in_WaitForKey
target/zx81/input/in_Inkey
input/obj/${TYPE}/in_GetKey
target/zx81/input/in_keytranstbl
target/zx81/input/in_KeyPressed
input/obj/${TYPE}/in_WaitForNoKey
target/zx81/input/in_LookupKey
input/obj/${TYPE}/fgetc_cons_inkey
target/zx/input/in_JoyKeyboard
target/zx/input/in_MouseSim
target/zx/input/in_MouseSim_callee
target/zx/input/in_MouseSimInit
target/zx/input/in_MouseSimInit_fastcall
target/zx/input/in_MouseSimSetPos
target/zx/input/in_MouseSimSetPos_callee
target/zx/input/in_Pause
target/zx/input/in_Wait
target/zx/input/in_WaitForKey
target/zx/input/in_WaitForNoKey
target/zx81/input/INMouseSim
