target/ace/stdio/fputc_cons
target/ace/stdio/fgetc_cons
target/ace/stdio/getk
target/ace/stdio/generic_console
target/ace/stdio/generic_console_ioctl
target/ace/stdio/CRT_FONT
@stdio/ansicore.lst
stdio/ansi/f_ansi_dsr6
target/ace/stdio/ansi/f_ansi_attr
target/ace/stdio/ansi/f_ansi_bel
target/ace/stdio/ansi/f_ansi_char
target/ace/stdio/ansi/f_ansi_cls
stdio/ansi/generic/f_ansi_dline
target/ace/stdio/ansi/f_ansi_scrollup
@stdio/stdio.lst
target/ace/time/clock
@font/font_8x8/font_8x8.lst
target/ace/games/joystick
@games/games.lst
@target/ace/ace/ace.lst
@input/input_keyboard.lst
@z80.lst
