target/aquarius/stdio/fgetc_cons
target/aquarius/stdio/getk
target/aquarius/stdio/fputc_cons
target/aquarius/stdio/generic_console
target/aquarius/stdio/conio_vars
target/aquarius/stdio/bordercolour
target/aquarius/stdio/conio_map_colour
@stdio/ansicore.lst
target/aquarius/stdio/ansi/f_ansi_attr
target/aquarius/stdio/ansi/f_ansi_bel
target/aquarius/stdio/ansi/f_ansi_char
target/aquarius/stdio/ansi/f_ansi_cls
target/aquarius/stdio/ansi/f_ansi_dline
target/aquarius/stdio/ansi/f_ansi_scrollup
@stdio/stdio.lst
@input/input_keyboard.lst
target/aquarius/graphics/textpixl6
@gfx/text6/gfx_text6.lst
target/aquarius/games/bit_open
target/aquarius/games/bit_open_di
target/aquarius/games/bit_close
target/aquarius/games/bit_close_ei
target/aquarius/games/keys_joystick
@games/games.lst
target/aquarius/psg/set_psg
target/aquarius/psg/set_psg_callee
target/aquarius/psg/get_psg
target/aquarius/psg/psg_init
@psg/psg.lst
@z80.lst
