target/g800/stdio/fgetc_cons
target/g800/stdio/getk
@stdio/ansicore.lst
target/g800/stdio/ansi/f_ansi_attr
target/g800/stdio/ansi/f_ansi_bel
target/g800/stdio/ansi/f_ansi_char
target/g800/stdio/ansi/f_ansi_cls
target/g800/stdio/ansi/f_ansi_dline
target/g800/stdio/ansi/f_ansi_scrollup
@stdio/stdio.lst
target/g800/games/bit_open
target/g800/games/bit_open_di
target/g800/games/bit_close
target/g800/games/bit_close_ei
games/joystick
@games/games.lst
@z80.lst
target/g800/graphics/clsgraph
target/g800/graphics/getmaxx
target/g800/graphics/getmaxy
target/g800/graphics/locate
target/g800/graphics/plotpixel
target/g800/graphics/point
target/g800/graphics/pointxy
target/g800/graphics/respixel
target/g800/graphics/xorpixel
target/g800/graphics/bksave
target/g800/graphics/bkrestore
@gfx/narrow/gfx_narrow.lst
