target/g800/invlcd
target/g800/lcd_contrast
target/g800/lcd_on
target/g800/lcd_off
target/g800/stdio/fgetc_cons_850
target/g800/stdio/getk_850
@stdio/ansicore.lst
target/g800/stdio/ansi/f_ansi_attr
target/g800/stdio/ansi/f_ansi_bel
target/g800/stdio/ansi/f_ansi_char_850
target/g800/stdio/ansi/_font_3x5_850
target/g800/stdio/ansi/f_ansi_cls_850
stdio/ansi/generic/f_ansi_dline
target/g800/stdio/ansi/f_ansi_scrollup_850
@stdio/stdio.lst
target/g800/games/bit_open
target/g800/games/bit_open_di
target/g800/games/bit_close
target/g800/games/bit_close_ei
games/joystick
@games/games.lst
@z80.lst
target/g800/graphics/clsgraph_850
target/g800/graphics/getmaxx
target/g800/graphics/getmaxy_850
target/g800/graphics/locate
target/g800/graphics/plotpixel
target/g800/graphics/point
target/g800/graphics/pointxy
target/g800/graphics/respixel
target/g800/graphics/xorpixel
target/g800/graphics/bksave
target/g800/graphics/bkrestore
@gfx/narrow/gfx_narrow.lst
