graphics/__gfx_coords4
graphics/__graphics_end
graphics/retrofit/putsprite_callee
graphics/w_fill
graphics/getmaxx
graphics/getmaxy
graphics/lbitmask
graphics/w_plot
graphics/w_plot_callee
graphics/w_unplot
graphics/w_unplot_callee
graphics/w_xorplot
graphics/w_xorplot_callee
graphics/w_point
graphics/w_point_callee
graphics/rbitmask
graphics/w_setxy
graphics/w_setpos
graphics/w_setpos_callee
graphics/w_getx
graphics/w_gety
graphics/pen_up
graphics/pen_down
graphics/lores/w_c_plotpixel
graphics/lores/w_c_respixel
graphics/lores/w_c_xorpixel
graphics/lores/c_plot
graphics/lores/c_unplot
graphics/lores/c_xorplot
graphics/lores/w_c_pointxy
graphics/lores/c_point
