stdio/inkey/fgetc_cons
stdio/inkey/getk
target/m5/stdio/fgetc_cons_rom
target/m5/stdio/getk_rom
target/m5/stdio/fputc_cons_rom
@stdio/ansicore.lst
@stdio/stdio.lst
@font/font_8x8/font_8x8.lst
@input/input_keyboard.lst
@video/tms9918/video_tms9918.lst
@gfx/narrow/gfx_narrow.lst
target/m5/games/joystick
target/m5/games/keys_joystick
psg/sn76489/bit_open
@games/games.lst
psg/sn76489/psg_tone
psg/sn76489/psg_volume
psg/sn76489/psg_envelope
psg/sn76489/psg_init.asm
psg/sn76489/set_psg.asm
psg/sn76489/set_psg_callee.asm
@z80.lst
