target/msx/stdio/fgetc_cons
target/msx/stdio/getk
target/msx/stdio/fputc_cons
@font/font_8x8/font_8x8.lst
@stdio/ansicore.lst
@stdio/stdio_binary.lst
target/msx/time/clock
@target/cpm/fcntl/fcntl.lst
@video/tms9918/video_tms9918.lst
@gfx/narrow/gfx_narrow.lst
target/msx/games/joystick
target/msx/games/bit_open
target/msx/games/bit_open_di
target/msx/games/bit_close
target/msx/games/bit_close_ei
@games/games.lst
target/msx/psg/psg_init
target/msx/psg/get_psg
target/msx/psg/set_psg
target/msx/psg/set_psg_callee
@psg/psg.lst
@target/msx/arch_msx.lst
@z80.lst
