target/multi8/stdio/fputc_cons_native
target/multi8/stdio/fgetc_cons
target/multi8/stdio/getk
target/multi8/stdio/generic_console
target/multi8/stdio/generic_console_ioctl
target/multi8/stdio/generic_console_vpeek
target/multi8/stdio/conio_vars
target/multi8/stdio/conio_map_colour
target/multi8/stdio/CRT_FONT
@font/font_8x8/font_8x8.lst
target/multi8/tape_load
target/multi8/asm_tape_load
target/multi8/load_palette
@stdio/stdio.lst
target/multi8/graphics/clg
target/multi8/graphics/w_pixladdr
target/multi8/graphics/w_plotpixl
target/multi8/graphics/w_respixl
target/multi8/graphics/w_xorpixl
target/multi8/graphics/w_pointxy
@gfx/wide/gfx_wide.lst
target/multi8/psg/set_psg
target/multi8/psg/set_psg_callee
target/multi8/psg/get_psg
target/multi8/psg/psg_init
@psg/psg.lst
@z80.lst
