target/pps/stdio/fgetc_cons
target/pps/stdio/fputc_cons
target/pps/stdio/getk
target/pps/stdio/generic_console
target/pps/stdio/conio_vars
@stdio/ansicore.lst
target/pps/stdio/ansi/f_ansi_attr
target/pps/stdio/ansi/f_ansi_bel
target/pps/stdio/ansi/f_ansi_char
target/pps/stdio/ansi/f_ansi_cls
target/pps/stdio/ansi/f_ansi_dline
target/pps/stdio/ansi/f_ansi_scrollup
@stdio/stdio.lst
time/mktime
target/pps/time/clock
target/pps/time/time
target/pps/fcntl/close
target/pps/fcntl/creat
target/pps/fcntl/fdgetpos
target/pps/fcntl/fdtell
target/pps/fcntl/lseek
target/pps/fcntl/open
target/pps/fcntl/read
target/pps/fcntl/readbyte
target/pps/fcntl/remove
target/pps/fcntl/rename
target/pps/fcntl/write
target/pps/fcntl/writebyte
target/pps/fcntl/rmdir
target/pps/fcntl/mkdir
target/pps/fcntl/getwd
target/pps/fcntl/getcwd
games/joystick
target/zx/psg/set_psg
target/zx/psg/set_psg_callee
target/zx/psg/get_psg
target/zx/psg/psg_init
@psg/psg.lst
@z80.lst
