stdio/inkey/fgetc_cons
stdio/inkey/getk
target/rx78/stdio/generic_console
target/rx78/stdio/generic_console_ioctl
target/rx78/stdio/generic_console_vpeek
target/rx78/stdio/conio_map_colour
target/rx78/stdio/CRT_FONT
target/rx78/stdio/fputc_cons_native
@stdio/stdio.lst
@font/font_8x8/font_8x8.lst
@input/input_keyboard.lst
psg/sn76489/bit_open
psg/sn76489/psg_tone
psg/sn76489/psg_volume
psg/sn76489/psg_envelope
psg/sn76489/psg_init.asm
psg/sn76489/set_psg.asm
psg/sn76489/set_psg_callee.asm
@psg/psg.lst
target/rx78/load_palette
target/rx78/graphics/clg
target/rx78/graphics/pixladdr
target/rx78/graphics/plotpixl
target/rx78/graphics/respixl
target/rx78/graphics/xorpixl
target/rx78/graphics/pointxy
target/rx78/graphics/swapgfxbk
@gfx/narrow/gfx_narrow.lst
target/rx78/games/joystick
target/rx78/games/keys_joystick
@games/games.lst
@z80.lst
