target/sam/stdio/fgetc_cons
target/sam/stdio/fputc_cons
target/sam/stdio/getk
@stdio/ansicore.lst
target/sam/stdio/ansi/f_ansi_attr
target/sam/stdio/ansi/f_ansi_bel
target/sam/stdio/ansi/f_ansi_char
target/sam/stdio/ansi/f_ansi_cls
target/sam/stdio/ansi/f_ansi_default
target/sam/stdio/ansi/f_ansi_dline
target/sam/stdio/ansi/f_ansi_restore
target/sam/stdio/ansi/f_ansi_scrollup
@stdio/stdio.lst
target/shared/clock
@target/zx/input_zx.lst
target/zx/graphics/clg
target/zx/graphics/clrarea2
target/zx/graphics/putsprite
target/zx/graphics/bksave
target/zx/graphics/bkrestore
target/zx/graphics/rowtab
target/zx/graphics/pixladdr
target/sam/graphics/swapgfxbk
@gfx/narrow/gfx_narrow.lst
target/sam/games/beeper
target/zx/games/bit_open
target/zx/games/bit_open_di
target/zx/games/bit_close
target/zx/games/bit_close_ei
@games/games.lst
@target/zx/spectrum.lst
@z80.lst
