target/sos/stdio/fputc_cons
target/sos/stdio/fgetc_cons
target/sos/stdio/getk
@stdio/stdio.lst
target/sos/sos/obj/sos/break_key
target/sos/sos/obj/sos/lptoff
target/sos/sos/obj/sos/lpton
target/sos/sos/obj/sos/print_error
target/sos/sos/obj/sos/screen
target/sos/sos/obj/sos/screen_callee
target/sos/sos/obj/sos/setcursorpos
target/sos/sos/obj/sos/setcursorpos_callee
target/sos/sos/obj/sos/get_cursor_x
target/sos/sos/obj/sos/get_cursor_y
target/sos/sos/obj/sos/get_sos_model
target/sos/sos/obj/sos/get_sos_version
target/sos/sos/obj/sos/width
target/sos/sos/obj/sos/sos_file
target/sos/sos/obj/sos/sos_file_callee
target/sos/sos/obj/sos/sos_ropen
target/sos/sos/obj/sos/sos_wopen
target/sos/sos/obj/sos/sos_rdd
target/sos/sos/obj/sos/sos_wrd
target/sos/sos/tape/rnd_saveblock
target/sos/sos/tape/rnd_loadblock
target/sos/sos/tape/tape_save
target/sos/sos/tape/tape_save_block
target/sos/sos/tape/tape_load
target/sos/sos/tape/tape_load_block
@z80.lst
