target/trs80/stdio/fgetc_cons
target/trs80/stdio/fputc_cons
target/trs80/stdio/getk
target/trs80/stdio/generic_console
target/trs80/stdio/generic_console_ioctl
target/trs80/stdio/conio_map_colour
target/trs80/stdio/CRT_FONT
@stdio/stdio.lst
@font/font_8x8/font_8x8.lst
@input/input_keyboard.lst
target/trs80/psg/set_psg
target/trs80/psg/set_psg_callee
target/trs80/psg/get_psg
target/trs80/psg/psg_init
@psg/psg.lst
target/trs80/games/bit_open
target/trs80/games/bit_open_di
target/trs80/games/bit_close
target/trs80/games/bit_close_ei
target/trs80/games/keys_joystick
@games/games.lst
@video/mc6845/mc6845.lst
@z80.lst
