target/tvc/stdio/fputc_cons
target/tvc/stdio/fgetc_cons
target/tvc/stdio/getk
@stdio/stdio.lst
target/tvc/games/joystick
@games/games.lst
target/tvc/time/clock
target/tvc/tvc_cls
target/tvc/tvc_ed_cfix
target/tvc/tvc_ed_cpos
target/tvc/tvc_ed_getch
target/tvc/tvc_get_bordercolor
target/tvc/tvc_kbd_status
target/tvc/tvc_set_bordercolor
target/tvc/tvc_set_palette
target/tvc/tvc_vmode
target/tvc/tvc_get_vmode
target/tvc/tvc_fgets_cons
target/tvc/tvc_get_border
target/tvc/tvc_set_border
target/tvc/tvc_set_paper
target/tvc/tvc_set_ink
@z80.lst
