
target/scz180/device/asci/z180/__asci0_data_Rx
target/scz180/device/asci/z180/__asci0_data_Tx

target/scz180/device/asci/z180/__asci0_need
target/scz180/device/asci/z180/asm_asci0_init
target/scz180/device/asci/z180/asm_asci0_interrupt
target/scz180/device/asci/z180/asm_asci0_flush_Rx
target/scz180/device/asci/z180/asm_asci0_flush_Tx
target/scz180/device/asci/z180/asm_asci0_reset
target/scz180/device/asci/z180/asm_asci0_getc
target/scz180/device/asci/z180/asm_asci0_peekc
target/scz180/device/asci/z180/asm_asci0_pollc
target/scz180/device/asci/z180/asm_asci0_putc

target/scz180/device/asci/z180/__asci1_data_Rx
target/scz180/device/asci/z180/__asci1_data_Tx

target/scz180/device/asci/z180/__asci1_need
target/scz180/device/asci/z180/asm_asci1_init
target/scz180/device/asci/z180/asm_asci1_interrupt
target/scz180/device/asci/z180/asm_asci1_flush_Rx
target/scz180/device/asci/z180/asm_asci1_flush_Tx
target/scz180/device/asci/z180/asm_asci1_reset
target/scz180/device/asci/z180/asm_asci1_getc
target/scz180/device/asci/z180/asm_asci1_peekc
target/scz180/device/asci/z180/asm_asci1_pollc
target/scz180/device/asci/z180/asm_asci1_putc

