adt/ba_priority_queue/c/sdcc_ix/ba_priority_queue_capacity
adt/ba_priority_queue/c/sdcc_ix/ba_priority_queue_capacity_fastcall
adt/ba_priority_queue/c/sdcc_ix/ba_priority_queue_clear
adt/ba_priority_queue/c/sdcc_ix/ba_priority_queue_clear_fastcall
adt/ba_priority_queue/c/sdcc_ix/ba_priority_queue_data
adt/ba_priority_queue/c/sdcc_ix/ba_priority_queue_data_fastcall
adt/ba_priority_queue/c/sdcc_ix/ba_priority_queue_destroy
adt/ba_priority_queue/c/sdcc_ix/ba_priority_queue_destroy_fastcall
adt/ba_priority_queue/c/sdcc_ix/ba_priority_queue_empty
adt/ba_priority_queue/c/sdcc_ix/ba_priority_queue_empty_fastcall
adt/ba_priority_queue/c/sdcc_ix/ba_priority_queue_init
adt/ba_priority_queue/c/sdcc_ix/ba_priority_queue_init_callee
adt/ba_priority_queue/c/sdcc_ix/ba_priority_queue_pop
adt/ba_priority_queue/c/sdcc_ix/ba_priority_queue_pop_fastcall
adt/ba_priority_queue/c/sdcc_ix/ba_priority_queue_push
adt/ba_priority_queue/c/sdcc_ix/ba_priority_queue_push_callee
adt/ba_priority_queue/c/sdcc_ix/ba_priority_queue_resize
adt/ba_priority_queue/c/sdcc_ix/ba_priority_queue_resize_callee
adt/ba_priority_queue/c/sdcc_ix/ba_priority_queue_size
adt/ba_priority_queue/c/sdcc_ix/ba_priority_queue_size_fastcall
adt/ba_priority_queue/c/sdcc_ix/ba_priority_queue_top
adt/ba_priority_queue/c/sdcc_ix/ba_priority_queue_top_fastcall
@adt/ba_priority_queue/ba_priority_queue_asm.lst
