@stdio/ansicore.lst
target/cpc/stdio/ansi/f_ansi_attr
target/cpc/stdio/ansi/f_ansi_bel
target/cpc/stdio/ansi/f_ansi_char
target/cpc/stdio/ansi/f_ansi_cls
target/cpc/stdio/ansi/f_ansi_dline
target/cpc/stdio/ansi/f_ansi_scrollup
target/cpc/graphics/clg
target/cpc/graphics/w_pixeladdress
target/cpc/graphics/fill
target/cpc/graphics/swapgfxbk
target/cpc/graphics/w_putsprite
@gfx/wide/gfx_wide.lst
target/cpc/time/clock
target/cpc/games/joystick
target/cpc/cpcrslib/cpmfirmware
target/cpc/cpcrslib/bios_msg
target/cpc/cpcrslib/cpc_fdc
target/cpc/cpcrslib/cpc_model
target/cpc/cpcrslib/cpc_rsx
target/cpc/cpcrslib/cpc_rsx_str
target/cpc/cpcrslib/cpc_rsx_strcpy
target/cpc/cpcrslib/cpc_rsx_strcpy_callee
target/cpc/cpcrslib/fdc_address
target/cpc/cpcrslib/cpc_setmode
target/cpc/cpcrslib/cpc_SetMode_srlib
target/cpc/cpcrslib/cpc_set_palette
target/cpc/cpcrslib/cpc_set_palette_callee
target/cpc/cpcrslib/cpc_SetBorder
target/cpc/cpcrslib/cpc_SetColour
target/cpc/cpcrslib/cpc_SetColour_callee
target/cpc/cpcrslib/cpc_SetInkGphStr
target/cpc/cpcrslib/cpc_SetInkGphStr_callee
target/cpc/cpcrslib/cpc_ScanKeyboard
target/cpc/cpcrslib/cpc_TestKeyboard
target/cpc/cpcrslib/cpc_AnyKeyPressed
target/cpc/cpcrslib/cpc_AssignKey
target/cpc/cpcrslib/cpc_AssignKey_callee
target/cpc/cpcrslib/cpc_TestKey
target/cpc/cpcrslib/cpc_TestKeyF
target/cpc/cpcrslib/cpc_TestKeyboard
target/cpc/cpcrslib/cpc_DeleteKeys
target/cpc/cpcrslib/cpc_KeysData
target/cpc/cpcrslib/cpc_RedefineKey
target/cpc/cpcrslib/cpc_EnableFirmware
target/cpc/cpcrslib/cpc_DisableFirmware
target/cpc/cpcrslib/cpc_ClrScr
target/cpc/cpcrslib/cpc_Chars
target/cpc/cpcrslib/cpc_Chars8
target/cpc/cpcrslib/cpc_GetScrAddress
target/cpc/cpcrslib/cpc_GetScrAddress_callee
target/cpc/cpcrslib/cpc_GetScrAddress0
target/cpc/cpcrslib/cpc_PrintStr
target/cpc/cpcrslib/cpc_PrintGphStr0
target/cpc/cpcrslib/cpc_PrintGphStrStd0
target/cpc/cpcrslib/cpc_PrintGphStr0M1
target/cpc/cpcrslib/cpc_PrintGphStr
target/cpc/cpcrslib/cpc_PrintGphStr_callee
target/cpc/cpcrslib/cpc_PrintGphStrStd
target/cpc/cpcrslib/cpc_PrintGphStrStd_callee
target/cpc/cpcrslib/cpc_PrintGphStrM1
target/cpc/cpcrslib/cpc_PrintGphStrM1_callee
target/cpc/cpcrslib/cpc_PrintGphStr2X
target/cpc/cpcrslib/cpc_PrintGphStr2X_callee
target/cpc/cpcrslib/cpc_PrintGphStrXYM12X
target/cpc/cpcrslib/cpc_PrintGphStrXYM12X_callee
target/cpc/cpcrslib/cpc_PrintGphStrXY
target/cpc/cpcrslib/cpc_PrintGphStrXY_callee
target/cpc/cpcrslib/cpc_PrintGphStrXY2X
target/cpc/cpcrslib/cpc_PrintGphStrXY2X_callee
target/cpc/cpcrslib/cpc_PrintGphStrStdXY
target/cpc/cpcrslib/cpc_PrintGphStrStdXY_callee
target/cpc/cpcrslib/cpc_PrintGphStrXYM1
target/cpc/cpcrslib/cpc_PrintGphStrXYM1_callee
target/cpc/cpcrslib/cpc_PrintGphStrM12X
target/cpc/cpcrslib/cpc_PrintGphStrM12X_callee
target/cpc/cpcrslib/cpc_RLI
target/cpc/cpcrslib/cpc_RLI_callee
target/cpc/cpcrslib/cpc_RRI
target/cpc/cpcrslib/cpc_RRI_callee
target/cpc/cpcrslib/cpc_Uncrunch
target/cpc/cpcrslib/cpc_Uncrunch_callee
target/cpc/cpcrslib/cpc_UnExo
target/cpc/cpcrslib/cpc_UnExo_callee
target/cpc/cpcrslib/sprites/cpc_PutMaskSp0
target/cpc/cpcrslib/sprites/cpc_PutMaskSp
target/cpc/cpcrslib/sprites/cpc_PutMaskSp_callee
target/cpc/cpcrslib/sprites/cpc_PutSp0
target/cpc/cpcrslib/sprites/cpc_PutSp
target/cpc/cpcrslib/sprites/cpc_PutSp_callee
target/cpc/cpcrslib/sprites/cpc_PutSpXOR
target/cpc/cpcrslib/sprites/cpc_PutSpXOR_callee
target/cpc/cpcrslib/sprites/cpc_PutSpTr0
target/cpc/cpcrslib/sprites/cpc_PutSpTr
target/cpc/cpcrslib/sprites/cpc_PutSpTr_callee
target/cpc/cpcrslib/sprites/cpc_GetSp0
target/cpc/cpcrslib/sprites/cpc_GetSp
target/cpc/cpcrslib/sprites/cpc_GetSp_callee
target/cpc/psg/set_psg
target/cpc/psg/set_psg_callee
target/cpc/psg/get_psg
target/cpc/psg/psg_init
@psg/psg.lst
