@arch/zx/bifrost_l/bifrost_l_asm.lst
arch/zx/bifrost_l/c/sdcc/BIFROSTL_drawTileL
arch/zx/bifrost_l/c/sdcc/BIFROSTL_drawTileL_callee
arch/zx/bifrost_l/c/sdcc/BIFROSTL_fillTileAttrL
arch/zx/bifrost_l/c/sdcc/BIFROSTL_fillTileAttrL_callee
arch/zx/bifrost_l/c/sdcc/BIFROSTL_findAttrH
arch/zx/bifrost_l/c/sdcc/BIFROSTL_findAttrH_callee
arch/zx/bifrost_l/c/sdcc/BIFROSTL_getAnimGroup
arch/zx/bifrost_l/c/sdcc/BIFROSTL_getAnimGroup_fastcall
arch/zx/bifrost_l/c/sdcc/BIFROSTL_getTile
arch/zx/bifrost_l/c/sdcc/BIFROSTL_getTile_callee
arch/zx/bifrost_l/c/sdcc/BIFROSTL_resetAnim2Frames
arch/zx/bifrost_l/c/sdcc/BIFROSTL_resetAnim4Frames
arch/zx/bifrost_l/c/sdcc/BIFROSTL_setTile
arch/zx/bifrost_l/c/sdcc/BIFROSTL_setTile_callee
arch/zx/bifrost_l/c/sdcc/BIFROSTL_showNextTile
arch/zx/bifrost_l/c/sdcc/BIFROSTL_showTilePosL
arch/zx/bifrost_l/c/sdcc/BIFROSTL_showTilePosL_callee
arch/zx/bifrost_l/c/sdcc/BIFROSTL_start
arch/zx/bifrost_l/c/sdcc/BIFROSTL_stop
