target/sms/driver/terminal/sms_01_output_terminal_tty_z88dk
target/sms/driver/terminal/sms_01_output_terminal_tty_z88dk/sms_01_output_terminal_tty_z88dk_01_scroll
target/sms/driver/terminal/sms_01_output_terminal_tty_z88dk/sms_01_output_terminal_tty_z88dk_02_pattern_offset
target/sms/driver/terminal/sms_01_output_terminal_tty_z88dk/sms_01_output_terminal_tty_z88dk_08_backspace
target/sms/driver/terminal/sms_01_output_terminal_tty_z88dk/sms_01_output_terminal_tty_z88dk_09_tab
target/sms/driver/terminal/sms_01_output_terminal_tty_z88dk/sms_01_output_terminal_tty_z88dk_11_home
target/sms/driver/terminal/sms_01_output_terminal_tty_z88dk/sms_01_output_terminal_tty_z88dk_12_cls
target/sms/driver/terminal/sms_01_output_terminal_tty_z88dk/sms_01_output_terminal_tty_z88dk_14_flags_enable
target/sms/driver/terminal/sms_01_output_terminal_tty_z88dk/sms_01_output_terminal_tty_z88dk_15_flags_disable
target/sms/driver/terminal/sms_01_output_terminal_tty_z88dk/sms_01_output_terminal_tty_z88dk_16_flags_toggle
target/sms/driver/terminal/sms_01_output_terminal_tty_z88dk/sms_01_output_terminal_tty_z88dk_22_at
target/sms/driver/terminal/sms_01_output_terminal_tty_z88dk/sms_01_output_terminal_tty_z88dk_23_atr
target/sms/driver/terminal/sms_01_output_terminal_tty_z88dk/sms_01_output_terminal_tty_z88dk_27_escape
target/sms/driver/terminal/sms_01_output_terminal_tty_z88dk/sms_01_output_terminal_tty_z88dk_28_left
target/sms/driver/terminal/sms_01_output_terminal_tty_z88dk/sms_01_output_terminal_tty_z88dk_29_right
target/sms/driver/terminal/sms_01_output_terminal_tty_z88dk/sms_01_output_terminal_tty_z88dk_30_up
target/sms/driver/terminal/sms_01_output_terminal_tty_z88dk/sms_01_output_terminal_tty_z88dk_31_down
target/sms/driver/terminal/sms_01_output_terminal_tty_z88dk/sms_01_output_terminal_tty_z88dk_oterm_msg_tty
target/sms/driver/terminal/sms_01_output_terminal_tty_z88dk/sms_01_output_terminal_tty_z88dk_stdio_msg_flsh
target/sms/driver/terminal/sms_01_output_terminal_tty_z88dk/sms_01_output_terminal_tty_z88dk_stdio_msg_ictl
