@gfx/common/gfx_common.lst
gfx/portable/obj/${TYPE}/boxdraw
gfx/portable/obj/${TYPE}/circle
gfx/portable/obj/${TYPE}/circledraw
gfx/portable/obj/${TYPE}/commonbox
gfx/portable/obj/${TYPE}/commoncircle
gfx/portable/obj/${TYPE}/commondraw
gfx/portable/obj/${TYPE}/commondrawr
gfx/portable/obj/${TYPE}/commondrawto
gfx/portable/obj/${TYPE}/draw
gfx/portable/obj/${TYPE}/drawb
gfx/portable/obj/${TYPE}/drawr
gfx/portable/obj/${TYPE}/drawto
gfx/portable/obj/${TYPE}/linedraw
gfx/portable/obj/${TYPE}/plot
gfx/portable/obj/${TYPE}/point
gfx/portable/obj/${TYPE}/setpos
gfx/portable/obj/${TYPE}/uncircle
gfx/portable/obj/${TYPE}/undraw
gfx/portable/obj/${TYPE}/undrawb
gfx/portable/obj/${TYPE}/undrawr
gfx/portable/obj/${TYPE}/undrawto
gfx/portable/obj/${TYPE}/unplot
gfx/portable/obj/${TYPE}/xorcircle
gfx/portable/obj/${TYPE}/xordraw
gfx/portable/obj/${TYPE}/xordrawb
gfx/portable/obj/${TYPE}/xordrawr
gfx/portable/obj/${TYPE}/xordrawto
gfx/portable/obj/${TYPE}/xorplot
