@adt/adt_sdcc_ix.lst
@alloc/alloc_sdcc_ix.lst
@arch/cpm/cpm_sdcc_ix.lst
@arch/hbios/hbios_sdcc.lst
@compress/compress_sdcc_ix.lst
@ctype/ctype_sdcc_ix.lst
@drivers/drivers.lst
@error/error.lst
@fcntl/fcntl_sdcc_ix.lst
@font/font_4x8/fonts.lst
@font/font_8x8/fonts.lst
@font/fzx/fzx_sdcc_ix.lst
@im2/im2_sdcc.lst
@input/cpm/input_sdcc_ix.lst
@inttypes/inttypes_sdcc_ix.lst
@l/l.lst
@l/sdcc.lst
@libgen/libgen_sdcc.lst
@locale/locale.lst
@math/math_integer.lst
@math/float/math48/math48_sdcc_ix.lst
@math/float/math32/math32_sdcc.lst
@math/float/math32/math32_z80_common_asm.lst
@network/network_sdcc_ix.lst
@setjmp/setjmp_sdcc_ix.lst
@stdio/stdio_sdcc_ix.lst
@stdlib/stdlib_sdcc_ix.lst
@string/string_sdcc_ix.lst
@target/rc2014/default/default.lst
@target/rc2014/device/device_sdcc_ix.lst
@target/rc2014/driver/driver_sdcc_ix.lst
@target/cpm/driver/driver.lst
@threads/threads_sdcc_ix.lst
@time/time_sdcc.lst
@z80/z80_sdcc.lst
