@adt/adt_sdcc_ix.lst
@alloc/alloc_sdcc_ix.lst
@arch/zxn/zxn_sdcc_ix.lst
@compress/compress_sdcc_ix.lst
@ctype/ctype_sdcc_ix.lst
@drivers/drivers.lst
@env/esxdos/esxdos_sdcc_ix.lst
@error/error.lst
@fcntl/fcntl_sdcc_ix.lst
@font/font_4x8/fonts.lst
@font/font_8x8/fonts.lst
@font/fzx/fzx_sdcc_ix.lst
@font/fzx/zxn/zxn_sdcc_ix.lst
@im2/im2_sdcc.lst
@input/zx/input_sdcc_ix.lst
@inttypes/inttypes_sdcc_ix.lst
@l/l.lst
@l/sdcc.lst
@libgen/libgen_sdcc.lst
@locale/locale.lst
@math/math_integer.lst
@math/math_integer_z80n.lst
@math/math_float_sdcc_ix_z80n.lst
@network/network_sdcc_ix.lst
@setjmp/setjmp_sdcc_ix.lst
@sound/sound_sdcc_ix.lst
@stdio/stdio_sdcc_ix.lst
@stdlib/stdlib_sdcc_ix.lst
@string/string_sdcc_ix.lst
@target/zxn/driver/driver.lst
@temp/sp1/zx/sp1_zx_sdcc_ix.lst
@threads/threads_sdcc_ix.lst
@time/time_sdcc.lst
@z80/z80_sdcc.lst
