target/smc777/stdio/bordercolour
target/smc777/stdio/generic_console
target/smc777/stdio/generic_console_ioctl
target/smc777/stdio/conio_vars
target/smc777/stdio/CRT_FONT
target/smc777/stdio/copy_font
target/smc777/stdio/conio_map_colour
target/smc777/graphics/clg
target/smc777/graphics/getmaxx
target/smc777/graphics/getmaxy
target/smc777/graphics/swapgfxbk
target/smc777/graphics/textpixl
target/smc777/graphics/w_pixladdr
target/smc777/graphics/w_plotpixl
target/smc777/graphics/w_plotpixl_MODE4
target/smc777/graphics/w_plotpixl_MODE8
target/smc777/graphics/w_pointxy
target/smc777/graphics/w_pointxy_MODE4
target/smc777/graphics/w_pointxy_MODE8
target/smc777/graphics/w_respixl
target/smc777/graphics/w_respixl_MODE4
target/smc777/graphics/w_respixl_MODE8
target/smc777/graphics/w_xorpixl
target/smc777/graphics/w_xorpixl_MODE4
target/smc777/graphics/w_xorpixl_MODE8
@gfx/wide/gfx_wide.lst
target/smc777/games/bit_open
target/smc777/games/bit_close
target/smc777/games/joystick
@font/font_8x8/font_8x8.lst
psg/sn76489/bit_open
psg/sn76489/psg_tone
psg/sn76489/psg_volume
psg/sn76489/psg_envelope
psg/sn76489/psg_init
psg/sn76489/set_psg
psg/sn76489/set_psg_callee
@psg/psg.lst
@games/games.lst
@video/mc6845/mc6845.lst
