input/obj/${TYPE}/in_WaitForKey
target/zx/input/in_Inkey
input/obj/${TYPE}/in_GetKey
target/zx/input/in_keytranstbl
target/zx/input/in_KeyPressed
input/obj/${TYPE}/in_WaitForNoKey
target/zx/input/in_LookupKey
input/obj/${TYPE}/in_GetKeyReset
input/obj/${TYPE}/in_GetKeyVariables
target/zx/input/in_JoyFuller
target/zx/input/in_JoyKempston
target/zx/input/in_JoyKeyboard
target/zx/input/in_JoySinclair1
target/zx/input/in_JoySinclair2
target/zx/input/in_JoyTimex1
target/zx/input/in_JoyTimex2
target/zx/input/in_MouseAMX
target/zx/input/in_MouseAMX_callee
target/zx/input/in_MouseAMXInit
target/zx/input/in_MouseAMXInit_callee
target/zx/input/in_MouseAMXSetPos
target/zx/input/in_MouseAMXSetPos_callee
target/zx/input/in_MouseKemp
target/zx/input/in_MouseKemp_callee
target/zx/input/in_MouseKempInit
target/zx/input/in_MouseKempSetPos
target/zx/input/in_MouseKempSetPos_callee
target/zx/input/in_MouseSim
target/zx/input/in_MouseSim_callee
target/zx/input/in_MouseSimInit
target/zx/input/in_MouseSimInit_fastcall
target/zx/input/in_MouseSimSetPos
target/zx/input/in_MouseSimSetPos_callee
target/zx/input/in_Pause
target/zx/input/in_Wait
target/zx/input/in_WaitForKey
target/zx/input/in_WaitForNoKey
target/zx/input/INMouseAMX
target/zx/input/INMouseKemp
target/zx/input/INMouseSim
input/fgetc_cons_inkey
