z180/c/sccz80/z180_delay_ms
z180/c/sccz80/z180_delay_tstate
z180/c/sccz80/z180_get_int_state
z180/c/sccz80/z180_indr
z180/c/sccz80/z180_indr_callee
z180/c/sccz80/z180_inir
z180/c/sccz80/z180_inir_callee
z180/c/sccz80/z180_inp
z180/c/sccz80/z180_otdmr
z180/c/sccz80/z180_otdmr_callee
z180/c/sccz80/z180_otdr
z180/c/sccz80/z180_otdr_callee
z180/c/sccz80/z180_otimr
z180/c/sccz80/z180_otimr_callee
z180/c/sccz80/z180_otir
z180/c/sccz80/z180_otir_callee
z180/c/sccz80/z180_outp
z180/c/sccz80/z180_outp_callee
z180/c/sccz80/z180_set_int_state
@z180/z180_asm.lst
