target/zx/driver/terminal/zx_01_output_char_32_tty_z88dk
target/zx/driver/terminal/zx_01_output_char_32_tty_z88dk/zx_01_output_char_32_tty_z88dk_01_scroll
target/zx/driver/terminal/zx_01_output_char_32_tty_z88dk/zx_01_output_char_32_tty_z88dk_02_font_address
target/zx/driver/terminal/zx_01_output_char_32_tty_z88dk/zx_01_output_char_32_tty_z88dk_08_backspace
target/zx/driver/terminal/zx_01_output_char_32_tty_z88dk/zx_01_output_char_32_tty_z88dk_09_tab
target/zx/driver/terminal/zx_01_output_char_32_tty_z88dk/zx_01_output_char_32_tty_z88dk_11_home
target/zx/driver/terminal/zx_01_output_char_32_tty_z88dk/zx_01_output_char_32_tty_z88dk_12_cls
target/zx/driver/terminal/zx_01_output_char_32_tty_z88dk/zx_01_output_char_32_tty_z88dk_14_foreground_mask
target/zx/driver/terminal/zx_01_output_char_32_tty_z88dk/zx_01_output_char_32_tty_z88dk_15_background_attr
target/zx/driver/terminal/zx_01_output_char_32_tty_z88dk/zx_01_output_char_32_tty_z88dk_16_ink
target/zx/driver/terminal/zx_01_output_char_32_tty_z88dk/zx_01_output_char_32_tty_z88dk_17_paper
target/zx/driver/terminal/zx_01_output_char_32_tty_z88dk/zx_01_output_char_32_tty_z88dk_18_flash
target/zx/driver/terminal/zx_01_output_char_32_tty_z88dk/zx_01_output_char_32_tty_z88dk_19_bright
target/zx/driver/terminal/zx_01_output_char_32_tty_z88dk/zx_01_output_char_32_tty_z88dk_20_inverse
target/zx/driver/terminal/zx_01_output_char_32_tty_z88dk/zx_01_output_char_32_tty_z88dk_21_foreground_attr
target/zx/driver/terminal/zx_01_output_char_32_tty_z88dk/zx_01_output_char_32_tty_z88dk_22_at
target/zx/driver/terminal/zx_01_output_char_32_tty_z88dk/zx_01_output_char_32_tty_z88dk_23_atr
target/zx/driver/terminal/zx_01_output_char_32_tty_z88dk/zx_01_output_char_32_tty_z88dk_27_escape
target/zx/driver/terminal/zx_01_output_char_32_tty_z88dk/zx_01_output_char_32_tty_z88dk_28_left
target/zx/driver/terminal/zx_01_output_char_32_tty_z88dk/zx_01_output_char_32_tty_z88dk_29_right
target/zx/driver/terminal/zx_01_output_char_32_tty_z88dk/zx_01_output_char_32_tty_z88dk_30_up
target/zx/driver/terminal/zx_01_output_char_32_tty_z88dk/zx_01_output_char_32_tty_z88dk_31_down
target/zx/driver/terminal/zx_01_output_char_32_tty_z88dk/zx_01_output_char_32_tty_z88dk_oterm_msg_tty
target/zx/driver/terminal/zx_01_output_char_32_tty_z88dk/zx_01_output_char_32_tty_z88dk_stdio_msg_flsh
target/zx/driver/terminal/zx_01_output_char_32_tty_z88dk/zx_01_output_char_32_tty_z88dk_stdio_msg_ictl
