font/font_4x8/_font_4x8_default
font/font_4x8/_zx7_font_4x8_default
font/font_4x8/_font_4x8_64_minix
font/font_4x8/_font_4x8_64_nbot
font/font_4x8/_font_4x8_64_omni1
font/font_4x8/_font_4x8_64_omni2
font/font_4x8/_font_4x8_64_owen
font/font_4x8/_font_4x8_80columns
font/font_4x8/_font_4x8_color80
font/font_4x8/_font_4x8_highspeed80
font/font_4x8/_font_4x8_screen80
font/font_4x8/_zx7_font_4x8_64_minix
font/font_4x8/_zx7_font_4x8_64_nbot
font/font_4x8/_zx7_font_4x8_64_omni1
font/font_4x8/_zx7_font_4x8_64_omni2
font/font_4x8/_zx7_font_4x8_64_owen
font/font_4x8/_zx7_font_4x8_80columns
font/font_4x8/_zx7_font_4x8_color80
font/font_4x8/_zx7_font_4x8_highspeed80
font/font_4x8/_zx7_font_4x8_screen80
