games/obj/${TARGET}/joystick
games/obj/${TARGET}/bit_click_mwr
games/obj/${TARGET}/bit_play
games/obj/${TARGET}/bit_fx_mwr
games/obj/${TARGET}/bit_fx2_mwr
games/obj/${TARGET}/bit_fx3_mwr
games/obj/${TARGET}/bit_fx4_mwr
games/obj/${TARGET}/bit_synth_mwr
games/obj/${TARGET}/bit_frequency
games/obj/${TARGET}/bit_beep
games/obj/${TARGET}/__bit_irqstatus
games/obj/${TARGET}/__snd_tick
games/obj/${TARGET}/bit_open
games/obj/${TARGET}/bit_open_di
games/obj/${TARGET}/bit_close
games/obj/${TARGET}/bit_close_ei
games/obj/${TARGET}/beeper_mwr
games/obj/${TARGET}/joystick_type
games/obj/${TARGET}/joystick_sc
games/obj/${TARGET}/kjoystick
games/obj/${TARGET}/joystick_inkey
