stdio/c/sdcc_ix/asprintf
stdio/c/sdcc_ix/clearerr
stdio/c/sdcc_ix/clearerr_fastcall
stdio/c/sdcc_ix/clearerr_unlocked
stdio/c/sdcc_ix/clearerr_unlocked_fastcall
stdio/c/sdcc_ix/fclose
stdio/c/sdcc_ix/fclose_fastcall
stdio/c/sdcc_ix/fclose_unlocked
stdio/c/sdcc_ix/fclose_unlocked_fastcall
stdio/c/sdcc_ix/fdopen
stdio/c/sdcc_ix/fdopen_callee
stdio/c/sdcc_ix/feof
stdio/c/sdcc_ix/feof_fastcall
stdio/c/sdcc_ix/feof_unlocked
stdio/c/sdcc_ix/feof_unlocked_fastcall
stdio/c/sdcc_ix/ferror
stdio/c/sdcc_ix/ferror_fastcall
stdio/c/sdcc_ix/ferror_unlocked
stdio/c/sdcc_ix/ferror_unlocked_fastcall
stdio/c/sdcc_ix/fflush
stdio/c/sdcc_ix/fflush_fastcall
stdio/c/sdcc_ix/fflush_unlocked
stdio/c/sdcc_ix/fflush_unlocked_fastcall
stdio/c/sdcc_ix/fgetc
stdio/c/sdcc_ix/fgetc_fastcall
stdio/c/sdcc_ix/fgetc_unlocked
stdio/c/sdcc_ix/fgetc_unlocked_fastcall
stdio/c/sdcc_ix/fgetpos
stdio/c/sdcc_ix/fgetpos_callee
stdio/c/sdcc_ix/fgetpos_unlocked
stdio/c/sdcc_ix/fgetpos_unlocked_callee
stdio/c/sdcc_ix/fgets
stdio/c/sdcc_ix/fgets_callee
stdio/c/sdcc_ix/fgets_unlocked
stdio/c/sdcc_ix/fgets_unlocked_callee
stdio/c/sdcc_ix/fileno
stdio/c/sdcc_ix/fileno_fastcall
stdio/c/sdcc_ix/fileno_unlocked
stdio/c/sdcc_ix/fileno_unlocked_fastcall
stdio/c/sdcc_ix/flockfile
stdio/c/sdcc_ix/flockfile_fastcall
stdio/c/sdcc_ix/fmemopen
stdio/c/sdcc_ix/fmemopen_callee
stdio/c/sdcc_ix/fopen
stdio/c/sdcc_ix/fopen_callee
stdio/c/sdcc_ix/fprintf
stdio/c/sdcc_ix/fprintf_unlocked
stdio/c/sdcc_ix/fputc
stdio/c/sdcc_ix/fputc_callee
stdio/c/sdcc_ix/fputc_unlocked
stdio/c/sdcc_ix/fputc_unlocked_callee
stdio/c/sdcc_ix/fputs
stdio/c/sdcc_ix/fputs_callee
stdio/c/sdcc_ix/fputs_unlocked
stdio/c/sdcc_ix/fputs_unlocked_callee
stdio/c/sdcc_ix/fread
stdio/c/sdcc_ix/fread_callee
stdio/c/sdcc_ix/fread_unlocked
stdio/c/sdcc_ix/fread_unlocked_callee
stdio/c/sdcc_ix/freopen
stdio/c/sdcc_ix/freopen_callee
stdio/c/sdcc_ix/freopen_unlocked
stdio/c/sdcc_ix/freopen_unlocked_callee
stdio/c/sdcc_ix/fscanf
stdio/c/sdcc_ix/fscanf_unlocked
stdio/c/sdcc_ix/fseek
stdio/c/sdcc_ix/fseek_callee
stdio/c/sdcc_ix/fseek_unlocked
stdio/c/sdcc_ix/fseek_unlocked_callee
stdio/c/sdcc_ix/fsetpos
stdio/c/sdcc_ix/fsetpos_callee
stdio/c/sdcc_ix/fsetpos_unlocked
stdio/c/sdcc_ix/fsetpos_unlocked_callee
stdio/c/sdcc_ix/ftell
stdio/c/sdcc_ix/ftell_fastcall
stdio/c/sdcc_ix/ftell_unlocked
stdio/c/sdcc_ix/ftell_unlocked_fastcall
stdio/c/sdcc_ix/ftrylockfile
stdio/c/sdcc_ix/ftrylockfile_fastcall
stdio/c/sdcc_ix/funlockfile
stdio/c/sdcc_ix/funlockfile_fastcall
stdio/c/sdcc_ix/fwrite
stdio/c/sdcc_ix/fwrite_callee
stdio/c/sdcc_ix/fwrite_unlocked
stdio/c/sdcc_ix/fwrite_unlocked_callee
stdio/c/sdcc_ix/getc
stdio/c/sdcc_ix/getc_fastcall
stdio/c/sdcc_ix/getchar
stdio/c/sdcc_ix/getchar_unlocked
stdio/c/sdcc_ix/getc_unlocked
stdio/c/sdcc_ix/getc_unlocked_fastcall
stdio/c/sdcc_ix/getdelim
stdio/c/sdcc_ix/getdelim_callee
stdio/c/sdcc_ix/getdelim_unlocked
stdio/c/sdcc_ix/getdelim_unlocked_callee
stdio/c/sdcc_ix/getline
stdio/c/sdcc_ix/getline_callee
stdio/c/sdcc_ix/getline_unlocked
stdio/c/sdcc_ix/getline_unlocked_callee
stdio/c/sdcc_ix/gets
stdio/c/sdcc_ix/gets_fastcall
stdio/c/sdcc_ix/gets_unlocked
stdio/c/sdcc_ix/gets_unlocked_fastcall
stdio/c/sdcc_ix/obstack_printf
stdio/c/sdcc_ix/obstack_vprintf
stdio/c/sdcc_ix/obstack_vprintf_callee
stdio/c/sdcc_ix/open_memstream
stdio/c/sdcc_ix/open_memstream_callee
stdio/c/sdcc_ix/perror
stdio/c/sdcc_ix/perror_fastcall
stdio/c/sdcc_ix/printf
stdio/c/sdcc_ix/printf_unlocked
stdio/c/sdcc_ix/putc
stdio/c/sdcc_ix/putc_callee
stdio/c/sdcc_ix/putchar
stdio/c/sdcc_ix/putchar_fastcall
stdio/c/sdcc_ix/putchar_unlocked
stdio/c/sdcc_ix/putchar_unlocked_fastcall
stdio/c/sdcc_ix/putc_unlocked
stdio/c/sdcc_ix/putc_unlocked_callee
stdio/c/sdcc_ix/puts
stdio/c/sdcc_ix/puts_fastcall
stdio/c/sdcc_ix/puts_unlocked
stdio/c/sdcc_ix/puts_unlocked_fastcall
stdio/c/sdcc_ix/rewind
stdio/c/sdcc_ix/rewind_fastcall
stdio/c/sdcc_ix/rewind_unlocked
stdio/c/sdcc_ix/rewind_unlocked_fastcall
stdio/c/sdcc_ix/scanf
stdio/c/sdcc_ix/scanf_unlocked
stdio/c/sdcc_ix/snprintf
stdio/c/sdcc_ix/sprintf
stdio/c/sdcc_ix/sscanf
stdio/c/sdcc_ix/ungetc
stdio/c/sdcc_ix/ungetc_callee
stdio/c/sdcc_ix/ungetc_unlocked
stdio/c/sdcc_ix/ungetc_unlocked_callee
stdio/c/sdcc_ix/vasprintf
stdio/c/sdcc_ix/vasprintf_callee
stdio/c/sdcc_ix/vfprintf
stdio/c/sdcc_ix/vfprintf_callee
stdio/c/sdcc_ix/vfprintf_unlocked
stdio/c/sdcc_ix/vfprintf_unlocked_callee
stdio/c/sdcc_ix/vfscanf
stdio/c/sdcc_ix/vfscanf_callee
stdio/c/sdcc_ix/vfscanf_unlocked
stdio/c/sdcc_ix/vfscanf_unlocked_callee
stdio/c/sdcc_ix/vprintf
stdio/c/sdcc_ix/vprintf_callee
stdio/c/sdcc_ix/vprintf_unlocked
stdio/c/sdcc_ix/vprintf_unlocked_callee
stdio/c/sdcc_ix/vscanf
stdio/c/sdcc_ix/vscanf_callee
stdio/c/sdcc_ix/vscanf_unlocked
stdio/c/sdcc_ix/vscanf_unlocked_callee
stdio/c/sdcc_ix/vsnprintf
stdio/c/sdcc_ix/vsnprintf_callee
stdio/c/sdcc_ix/vsprintf
stdio/c/sdcc_ix/vsprintf_callee
stdio/c/sdcc_ix/vsscanf
stdio/c/sdcc_ix/vsscanf_callee
stdio/c/sdcc_ix/_fmemopen_
stdio/c/sdcc_ix/_fmemopen__callee
@stdio/stdio_asm.lst
