arch/sms/vram/z80/asm_sms_copy_mem_to_vram
arch/sms/vram/z80/asm_sms_copy_mem_to_vram_unsafe
arch/sms/vram/z80/asm_sms_copy_vram_to_mem
arch/sms/vram/z80/asm_sms_copy_vram_to_mem_unsafe
arch/sms/vram/z80/asm_sms_memcpy_mem_to_cram
arch/sms/vram/z80/asm_sms_memcpy_mem_to_cram_unsafe
arch/sms/vram/z80/asm_sms_memcpy_mem_to_vram
arch/sms/vram/z80/asm_sms_memcpy_mem_to_vram_unsafe
arch/sms/vram/z80/asm_sms_memcpy_vram_to_mem
arch/sms/vram/z80/asm_sms_memcpy_vram_to_mem_unsafe
arch/sms/vram/z80/asm_sms_memcpy_vram_to_vram
arch/sms/vram/z80/asm_sms_memcpy_vram_to_vram_unsafe
arch/sms/vram/z80/asm_sms_memset_vram
arch/sms/vram/z80/asm_sms_memset_vram_unsafe
arch/sms/vram/z80/asm_sms_memsetw_vram
arch/sms/vram/z80/asm_sms_memsetw_vram_unsafe
arch/sms/vram/z80/asm_sms_set_vram
arch/sms/vram/z80/asm_sms_set_vram_unsafe
arch/sms/vram/z80/asm_sms_setw_vram
arch/sms/vram/z80/asm_sms_setw_vram_unsafe
arch/sms/vram/z80/asm_sms_vram_read_hl
arch/sms/vram/z80/asm_sms_vram_write_de
