gfx/common/obj/${TARGET}/__graphics_end
gfx/common/obj/${TARGET}/cclg
gfx/common/obj/${TARGET}/clg
gfx/common/obj/${TARGET}/cplot
gfx/common/obj/${TARGET}/dither_pattern
gfx/common/obj/${TARGET}/div3
gfx/common/obj/${TARGET}/div3_0
gfx/common/obj/${TARGET}/draw_profile
gfx/common/obj/${TARGET}/getmaxx
gfx/common/obj/${TARGET}/getmaxy
gfx/common/obj/${TARGET}/l_graphics_cmp
gfx/common/obj/${TARGET}/lbitmask
gfx/common/obj/${TARGET}/lftscrol
gfx/common/obj/${TARGET}/lscroll
gfx/common/obj/${TARGET}/pen_down
gfx/common/obj/${TARGET}/pen_up
gfx/common/obj/${TARGET}/rbitmask
gfx/common/obj/${TARGET}/rscroll
gfx/common/obj/${TARGET}/swapgfxbk_noop
gfx/common/obj/${TARGET}/__graphics_retaddr
gfx/common/obj/${TARGET}/putsprite_callee
@gfx/x11/x11.lst
