math/float/math48/lm/z80/asm_acos
math/float/math48/lm/z80/asm_acosh
math/float/math48/lm/z80/asm_asin
math/float/math48/lm/z80/asm_asinh
math/float/math48/lm/z80/asm_atan
math/float/math48/lm/z80/asm_atan2
math/float/math48/lm/z80/asm_atanh
math/float/math48/lm/z80/asm_cbrt
math/float/math48/lm/z80/asm_ceil
math/float/math48/lm/z80/asm_copysign
math/float/math48/lm/z80/asm_cos
math/float/math48/lm/z80/asm_cosh
math/float/math48/lm/z80/asm_dadd
math/float/math48/lm/z80/asm_dadd_s
math/float/math48/lm/z80/asm_dcmp
math/float/math48/lm/z80/asm_dcmpa
math/float/math48/lm/z80/asm_dcmp_s
math/float/math48/lm/z80/asm_dconst_0
math/float/math48/lm/z80/asm_dconst_1
math/float/math48/lm/z80/asm_dconst_1_3
math/float/math48/lm/z80/asm_dconst_e
math/float/math48/lm/z80/asm_dconst_inf
math/float/math48/lm/z80/asm_dconst_ln2
math/float/math48/lm/z80/asm_dconst_pi
math/float/math48/lm/z80/asm_dconst_sqr2_2
math/float/math48/lm/z80/asm_ddiv
math/float/math48/lm/z80/asm_ddiv_s
math/float/math48/lm/z80/asm_ddup
math/float/math48/lm/z80/asm_deq
math/float/math48/lm/z80/asm_dequate
math/float/math48/lm/z80/asm_deq_s
math/float/math48/lm/z80/asm_dfix8
math/float/math48/lm/z80/asm_dfix8u
math/float/math48/lm/z80/asm_dfix16
math/float/math48/lm/z80/asm_dfix16u
math/float/math48/lm/z80/asm_dfix32
math/float/math48/lm/z80/asm_dfix32u
math/float/math48/lm/z80/asm_dfix64
math/float/math48/lm/z80/asm_dfix64u
math/float/math48/lm/z80/asm_dfp
math/float/math48/lm/z80/asm_dge
math/float/math48/lm/z80/asm_dge_s
math/float/math48/lm/z80/asm_dgt
math/float/math48/lm/z80/asm_dgt_s
math/float/math48/lm/z80/asm_dhexpop
math/float/math48/lm/z80/asm_dinv
math/float/math48/lm/z80/asm_dip
math/float/math48/lm/z80/asm_dldpush
math/float/math48/lm/z80/asm_dle
math/float/math48/lm/z80/asm_dle_s
math/float/math48/lm/z80/asm_dload
math/float/math48/lm/z80/asm_dlt
math/float/math48/lm/z80/asm_dlt_s
math/float/math48/lm/z80/asm_dmul
math/float/math48/lm/z80/asm_dmul10a
math/float/math48/lm/z80/asm_dmulpow10
math/float/math48/lm/z80/asm_dmulpow2
math/float/math48/lm/z80/asm_dmul_s
math/float/math48/lm/z80/asm_dne
math/float/math48/lm/z80/asm_dneg
math/float/math48/lm/z80/asm_dne_s
math/float/math48/lm/z80/asm_double8
math/float/math48/lm/z80/asm_double8u
math/float/math48/lm/z80/asm_double16
math/float/math48/lm/z80/asm_double16u
math/float/math48/lm/z80/asm_double32
math/float/math48/lm/z80/asm_double32u
math/float/math48/lm/z80/asm_double64
math/float/math48/lm/z80/asm_double64u
math/float/math48/lm/z80/asm_dpop
math/float/math48/lm/z80/asm_dpopret
math/float/math48/lm/z80/asm_dpush
math/float/math48/lm/z80/asm_dpushw
math/float/math48/lm/z80/asm_dsigdig
math/float/math48/lm/z80/asm_dsize
math/float/math48/lm/z80/asm_dstore
math/float/math48/lm/z80/asm_dsub
math/float/math48/lm/z80/asm_dsub_s
math/float/math48/lm/z80/asm_dswap
math/float/math48/lm/z80/asm_erf
math/float/math48/lm/z80/asm_erfc
math/float/math48/lm/z80/asm_exp
math/float/math48/lm/z80/asm_exp2
math/float/math48/lm/z80/asm_expm1
math/float/math48/lm/z80/asm_fabs
math/float/math48/lm/z80/asm_fdim
math/float/math48/lm/z80/asm_floor
math/float/math48/lm/z80/asm_fma
math/float/math48/lm/z80/asm_fmax
math/float/math48/lm/z80/asm_fmin
math/float/math48/lm/z80/asm_fmod
math/float/math48/lm/z80/asm_fpclassify
math/float/math48/lm/z80/asm_frexp
math/float/math48/lm/z80/asm_hypot
math/float/math48/lm/z80/asm_ilogb
math/float/math48/lm/z80/asm_isgreater
math/float/math48/lm/z80/asm_isgreaterequal
math/float/math48/lm/z80/asm_isless
math/float/math48/lm/z80/asm_islessequal
math/float/math48/lm/z80/asm_islessgreater
math/float/math48/lm/z80/asm_isunordered
math/float/math48/lm/z80/asm_ldexp
math/float/math48/lm/z80/asm_lgamma
math/float/math48/lm/z80/asm_llrint
math/float/math48/lm/z80/asm_llround
math/float/math48/lm/z80/asm_log
math/float/math48/lm/z80/asm_log10
math/float/math48/lm/z80/asm_log1p
math/float/math48/lm/z80/asm_log2
math/float/math48/lm/z80/asm_logb
math/float/math48/lm/z80/asm_lrint
math/float/math48/lm/z80/asm_lround
math/float/math48/lm/z80/asm_modf
math/float/math48/lm/z80/asm_nan
math/float/math48/lm/z80/asm_nan_b
math/float/math48/lm/z80/asm_nearbyint
math/float/math48/lm/z80/asm_nextafter
math/float/math48/lm/z80/asm_nexttoward
math/float/math48/lm/z80/asm_pow
math/float/math48/lm/z80/asm_remainder
math/float/math48/lm/z80/asm_remquo
math/float/math48/lm/z80/asm_rint
math/float/math48/lm/z80/asm_round
math/float/math48/lm/z80/asm_scalbln
math/float/math48/lm/z80/asm_scalbn
math/float/math48/lm/z80/asm_sin
math/float/math48/lm/z80/asm_sinh
math/float/math48/lm/z80/asm_sqrt
math/float/math48/lm/z80/asm_tan
math/float/math48/lm/z80/asm_tanh
math/float/math48/lm/z80/asm_tgamma
math/float/math48/lm/z80/asm_trunc
math/float/math48/lm/z80/derror_edom_infc
math/float/math48/lm/z80/derror_edom_zc
math/float/math48/lm/z80/derror_einval_zc
math/float/math48/lm/z80/derror_erange_infc
math/float/math48/lm/z80/derror_erange_intc
math/float/math48/lm/z80/derror_erange_longc
math/float/math48/lm/z80/derror_erange_longlongc
math/float/math48/lm/z80/derror_nanc
math/float/math48/lm/z80/derror_nannc
math/float/math48/lm/z80/derror_onc
math/float/math48/lm/z80/derror_pinfnc
math/float/math48/lm/z80/derror_zc
math/float/math48/lm/z80/derror_znc
math/float/math48/lm/z80/__dtoa_base10
math/float/math48/lm/z80/__dtoa_base16
math/float/math48/lm/z80/__dtoa_digits
math/float/math48/lm/z80/__dtoa_sgnabs
