font/fzx/fonts/kk/_ff_kk_Fairfax
font/fzx/fonts/kk/_ff_kk_FairfaxB
font/fzx/fonts/kk/_ff_kk_FairfaxBLatin1
font/fzx/fonts/kk/_ff_kk_FairfaxI
font/fzx/fonts/kk/_ff_kk_FairfaxILatin1
font/fzx/fonts/kk/_ff_kk_FairfaxLatin1
font/fzx/fonts/kk/_ff_kk_FairfaxS
font/fzx/fonts/kk/_ff_kk_FairfaxSLatin1
font/fzx/fonts/kk/_ff_kk_Magdalena
font/fzx/fonts/kk/_ff_kk_MagdalenaB
font/fzx/fonts/kk/_ff_kk_MagdalenaBLatin1
font/fzx/fonts/kk/_ff_kk_MagdalenaLatin1
font/fzx/fonts/kk/_ff_kk_McMillen
font/fzx/fonts/kk/_ff_kk_McMillenB
font/fzx/fonts/kk/_ff_kk_McMillenBLatin1
font/fzx/fonts/kk/_ff_kk_McMillenLatin1
font/fzx/fonts/kk/_ff_kk_Mischke
font/fzx/fonts/kk/_ff_kk_MischkeB
font/fzx/fonts/kk/_ff_kk_MischkeBLatin1
font/fzx/fonts/kk/_ff_kk_MischkeLatin1
font/fzx/fonts/kk/_ff_kk_Monterey
font/fzx/fonts/kk/_ff_kk_MontereyB
font/fzx/fonts/kk/_ff_kk_MontereyBLatin1
font/fzx/fonts/kk/_ff_kk_MontereyLatin1
