adt/p_forward_list/c/sccz80/p_forward_list_back
adt/p_forward_list/c/sccz80/p_forward_list_clear
adt/p_forward_list/c/sccz80/p_forward_list_empty
adt/p_forward_list/c/sccz80/p_forward_list_front
adt/p_forward_list/c/sccz80/p_forward_list_init
adt/p_forward_list/c/sccz80/p_forward_list_insert_after
adt/p_forward_list/c/sccz80/p_forward_list_insert_after_callee
adt/p_forward_list/c/sccz80/p_forward_list_next
adt/p_forward_list/c/sccz80/p_forward_list_pop_back
adt/p_forward_list/c/sccz80/p_forward_list_pop_front
adt/p_forward_list/c/sccz80/p_forward_list_prev
adt/p_forward_list/c/sccz80/p_forward_list_prev_callee
adt/p_forward_list/c/sccz80/p_forward_list_push_back
adt/p_forward_list/c/sccz80/p_forward_list_push_back_callee
adt/p_forward_list/c/sccz80/p_forward_list_push_front
adt/p_forward_list/c/sccz80/p_forward_list_push_front_callee
adt/p_forward_list/c/sccz80/p_forward_list_remove
adt/p_forward_list/c/sccz80/p_forward_list_remove_after
adt/p_forward_list/c/sccz80/p_forward_list_remove_callee
adt/p_forward_list/c/sccz80/p_forward_list_size
@adt/p_forward_list/p_forward_list_asm.lst
