target/zxvgs/zxvgs/j0
target/zxvgs/zxvgs/j1
target/zxvgs/zxvgs/j2
target/zxvgs/zxvgs/j3
target/zxvgs/games/joystick
target/zxvgs/zxvgs/opensound
target/zxvgs/zxvgs/bnkfree
target/zxvgs/zxvgs/loadany
target/zxvgs/zxvgs/saveany
target/zxvgs/fcntl/close
target/zxvgs/fcntl/lseek
target/zxvgs/fcntl/fdtell
target/zxvgs/fcntl/fdgetpos
target/zxvgs/fcntl/open
target/zxvgs/fcntl/remove
target/zxvgs/fcntl/rename
target/zxvgs/fcntl/write
target/zxvgs/fcntl/read
target/zxvgs/fcntl/readbyte
target/zxvgs/fcntl/writebyte
