arch/zx/esxdos/z80/__esxdos_error_mc
arch/zx/esxdos/z80/__esxdos_error_zc
arch/zx/esxdos/z80/asm_errno_from_esxdos
arch/zx/esxdos/z80/asm_esxdos_disk_info
arch/zx/esxdos/z80/asm_esxdos_disk_read
arch/zx/esxdos/z80/asm_esxdos_disk_write
arch/zx/esxdos/z80/asm_esxdos_f_chdir
arch/zx/esxdos/z80/asm_esxdos_f_close
arch/zx/esxdos/z80/asm_esxdos_f_fgetpos
arch/zx/esxdos/z80/asm_esxdos_f_fstat
arch/zx/esxdos/z80/asm_esxdos_f_getcwd
arch/zx/esxdos/z80/asm_esxdos_f_open
arch/zx/esxdos/z80/asm_esxdos_f_opendir
arch/zx/esxdos/z80/asm_esxdos_f_read
arch/zx/esxdos/z80/asm_esxdos_f_readdir
arch/zx/esxdos/z80/asm_esxdos_f_seek
arch/zx/esxdos/z80/asm_esxdos_f_sync
arch/zx/esxdos/z80/asm_esxdos_f_unlink
arch/zx/esxdos/z80/asm_esxdos_f_write
arch/zx/esxdos/z80/asm_esxdos_m_getdate
arch/zx/esxdos/z80/asm_esxdos_m_gethandle
arch/zx/esxdos/z80/asm_esxdos_m_getsetdrv
