threads/mutex/c/sdcc_ix/call_once
threads/mutex/c/sdcc_ix/call_once_callee
threads/mutex/c/sdcc_ix/mtx_destroy
threads/mutex/c/sdcc_ix/mtx_destroy_fastcall
threads/mutex/c/sdcc_ix/mtx_init
threads/mutex/c/sdcc_ix/mtx_init_callee
threads/mutex/c/sdcc_ix/mtx_lock
threads/mutex/c/sdcc_ix/mtx_lock_fastcall
threads/mutex/c/sdcc_ix/mtx_timedlock
threads/mutex/c/sdcc_ix/mtx_timedlock_callee
threads/mutex/c/sdcc_ix/mtx_trylock
threads/mutex/c/sdcc_ix/mtx_trylock_fastcall
threads/mutex/c/sdcc_ix/mtx_unlock
threads/mutex/c/sdcc_ix/mtx_unlock_fastcall
threads/mutex/c/sdcc_ix/spinlock_acquire
threads/mutex/c/sdcc_ix/spinlock_acquire_fastcall
threads/mutex/c/sdcc_ix/spinlock_release
threads/mutex/c/sdcc_ix/spinlock_release_fastcall
threads/mutex/c/sdcc_ix/spinlock_tryacquire
threads/mutex/c/sdcc_ix/spinlock_tryacquire_fastcall
@threads/mutex/mutex_asm.lst
