target/tiki100/psg/set_psg
target/tiki100/psg/set_psg_callee
target/tiki100/psg/get_psg
target/tiki100/psg/psg_init
@psg/psg.lst
target/tiki100/graphics/clg
target/tiki100/graphics/w_pixladdr
target/tiki100/graphics/swapgfxbk
target/tiki100/graphics/w_plotpixl
target/tiki100/graphics/w_respixl
target/tiki100/graphics/w_xorpixl
target/tiki100/graphics/w_pointxy
target/tiki100/graphics/getmaxx
target/tiki100/graphics/getmaxy
target/tiki100/graphics/fill
target/tiki100/graphics/w_putsprite
target/tiki100/graphics/w_stencil_render
target/tiki100/graphics/l_graphics_cmp
@gfx/wide/gfx_wide.lst
target/tiki100/gr_setpalette
target/tiki100/gr_defmod
target/tiki100/gr_scroll
target/tiki100/gr_getmode
target/tiki100/stdio/CRT_FONT
target/tiki100/stdio/generic_console
target/tiki100/stdio/generic_console_cls
target/tiki100/stdio/generic_console_ioctl
target/tiki100/stdio/generic_console_vpeek
target/tiki100/stdio/generic_console_set_ink
target/tiki100/stdio/generic_console_set_paper
target/tiki100/stdio/generic_console_get_mode
target/tiki100/stdio/conio_vars
@font/font_8x8/font_8x8.lst
