alloc/malloc/c/sdcc_ix/aligned_alloc
alloc/malloc/c/sdcc_ix/aligned_alloc_callee
alloc/malloc/c/sdcc_ix/aligned_alloc_unlocked
alloc/malloc/c/sdcc_ix/aligned_alloc_unlocked_callee
alloc/malloc/c/sdcc_ix/calloc
alloc/malloc/c/sdcc_ix/calloc_callee
alloc/malloc/c/sdcc_ix/calloc_unlocked
alloc/malloc/c/sdcc_ix/calloc_unlocked_callee
alloc/malloc/c/sdcc_ix/free
alloc/malloc/c/sdcc_ix/free_fastcall
alloc/malloc/c/sdcc_ix/free_unlocked
alloc/malloc/c/sdcc_ix/free_unlocked_fastcall
alloc/malloc/c/sdcc_ix/heap_alloc
alloc/malloc/c/sdcc_ix/heap_alloc_callee
alloc/malloc/c/sdcc_ix/heap_alloc_aligned
alloc/malloc/c/sdcc_ix/heap_alloc_aligned_callee
alloc/malloc/c/sdcc_ix/heap_alloc_aligned_unlocked
alloc/malloc/c/sdcc_ix/heap_alloc_aligned_unlocked_callee
alloc/malloc/c/sdcc_ix/heap_alloc_fixed
alloc/malloc/c/sdcc_ix/heap_alloc_fixed_callee
alloc/malloc/c/sdcc_ix/heap_alloc_fixed_unlocked
alloc/malloc/c/sdcc_ix/heap_alloc_fixed_unlocked_callee
alloc/malloc/c/sdcc_ix/heap_alloc_unlocked
alloc/malloc/c/sdcc_ix/heap_alloc_unlocked_callee
alloc/malloc/c/sdcc_ix/heap_calloc
alloc/malloc/c/sdcc_ix/heap_calloc_callee
alloc/malloc/c/sdcc_ix/heap_calloc_unlocked
alloc/malloc/c/sdcc_ix/heap_calloc_unlocked_callee
alloc/malloc/c/sdcc_ix/heap_destroy
alloc/malloc/c/sdcc_ix/heap_destroy_fastcall
alloc/malloc/c/sdcc_ix/heap_free
alloc/malloc/c/sdcc_ix/heap_free_callee
alloc/malloc/c/sdcc_ix/heap_free_unlocked
alloc/malloc/c/sdcc_ix/heap_free_unlocked_callee
alloc/malloc/c/sdcc_ix/heap_info
alloc/malloc/c/sdcc_ix/heap_info_callee
alloc/malloc/c/sdcc_ix/heap_info_unlocked
alloc/malloc/c/sdcc_ix/heap_info_unlocked_callee
alloc/malloc/c/sdcc_ix/heap_init
alloc/malloc/c/sdcc_ix/heap_init_callee
alloc/malloc/c/sdcc_ix/heap_realloc
alloc/malloc/c/sdcc_ix/heap_realloc_callee
alloc/malloc/c/sdcc_ix/heap_realloc_unlocked
alloc/malloc/c/sdcc_ix/heap_realloc_unlocked_callee
alloc/malloc/c/sdcc_ix/malloc
alloc/malloc/c/sdcc_ix/malloc_fastcall
alloc/malloc/c/sdcc_ix/malloc_unlocked
alloc/malloc/c/sdcc_ix/malloc_unlocked_fastcall
alloc/malloc/c/sdcc_ix/memalign
alloc/malloc/c/sdcc_ix/memalign_callee
alloc/malloc/c/sdcc_ix/memalign_unlocked
alloc/malloc/c/sdcc_ix/memalign_unlocked_callee
alloc/malloc/c/sdcc_ix/posix_memalign
alloc/malloc/c/sdcc_ix/posix_memalign_callee
alloc/malloc/c/sdcc_ix/posix_memalign_unlocked
alloc/malloc/c/sdcc_ix/posix_memalign_unlocked_callee
alloc/malloc/c/sdcc_ix/realloc
alloc/malloc/c/sdcc_ix/realloc_callee
alloc/malloc/c/sdcc_ix/realloc_unlocked
alloc/malloc/c/sdcc_ix/realloc_unlocked_callee
alloc/malloc/c/sdcc_ix/_falloc_
alloc/malloc/c/sdcc_ix/_falloc__callee
alloc/malloc/c/sdcc_ix/_falloc__unlocked
alloc/malloc/c/sdcc_ix/_falloc__unlocked_callee
@alloc/malloc/malloc_asm.lst
