adt/p_forward_list_alt/c/sccz80/p_forward_list_alt_back
adt/p_forward_list_alt/c/sccz80/p_forward_list_alt_clear
adt/p_forward_list_alt/c/sccz80/p_forward_list_alt_empty
adt/p_forward_list_alt/c/sccz80/p_forward_list_alt_front
adt/p_forward_list_alt/c/sccz80/p_forward_list_alt_init
adt/p_forward_list_alt/c/sccz80/p_forward_list_alt_insert_after
adt/p_forward_list_alt/c/sccz80/p_forward_list_alt_insert_after_callee
adt/p_forward_list_alt/c/sccz80/p_forward_list_alt_next
adt/p_forward_list_alt/c/sccz80/p_forward_list_alt_pop_back
adt/p_forward_list_alt/c/sccz80/p_forward_list_alt_pop_front
adt/p_forward_list_alt/c/sccz80/p_forward_list_alt_prev
adt/p_forward_list_alt/c/sccz80/p_forward_list_alt_prev_callee
adt/p_forward_list_alt/c/sccz80/p_forward_list_alt_push_back
adt/p_forward_list_alt/c/sccz80/p_forward_list_alt_push_back_callee
adt/p_forward_list_alt/c/sccz80/p_forward_list_alt_push_front
adt/p_forward_list_alt/c/sccz80/p_forward_list_alt_push_front_callee
adt/p_forward_list_alt/c/sccz80/p_forward_list_alt_remove
adt/p_forward_list_alt/c/sccz80/p_forward_list_alt_remove_after
adt/p_forward_list_alt/c/sccz80/p_forward_list_alt_remove_after_callee
adt/p_forward_list_alt/c/sccz80/p_forward_list_alt_remove_callee
adt/p_forward_list_alt/c/sccz80/p_forward_list_alt_size
@adt/p_forward_list_alt/p_forward_list_alt_asm.lst
