target/enterprise/graphics/circle
target/enterprise/graphics/uncircle
target/enterprise/graphics/fill
target/enterprise/graphics/clg
target/enterprise/graphics/draw
graphics/retrofit/draw_callee
target/enterprise/graphics/undraw
graphics/retrofit/undraw_callee
target/enterprise/graphics/drawr
graphics/retrofit/drawr_callee
target/enterprise/graphics/undrawr
graphics/retrofit/undrawr_callee
target/enterprise/graphics/drawto
graphics/retrofit/drawto_callee
target/enterprise/graphics/undrawto
graphics/retrofit/undrawto_callee
target/enterprise/graphics/plot
graphics/retrofit/plot_callee
target/enterprise/graphics/unplot
graphics/retrofit/unplot_callee
target/enterprise/graphics/xorplot
graphics/retrofit/xorplot_callee
target/enterprise/graphics/setxy
@gfx/wide/gfx_wide.lst
