target/enterprise/graphics_hr/circle
target/enterprise/graphics_hr/uncircle
target/enterprise/graphics_hr/fill
target/enterprise/graphics_hr/clg
target/enterprise/graphics_hr/draw
graphics/retrofit/draw_callee
target/enterprise/graphics_hr/undraw
graphics/retrofit/undraw_callee
target/enterprise/graphics_hr/drawr
graphics/retrofit/drawr_callee
target/enterprise/graphics_hr/undrawr
graphics/retrofit/undrawr_callee
target/enterprise/graphics_hr/drawto
graphics/retrofit/drawto_callee
target/enterprise/graphics_hr/undrawto
graphics/retrofit/undrawto_callee
target/enterprise/graphics_hr/plot
graphics/retrofit/plot_callee
target/enterprise/graphics_hr/unplot
graphics/retrofit/unplot_callee
target/enterprise/graphics_hr/xorplot
graphics/retrofit/xorplot_callee
target/enterprise/graphics_hr/setxy
@gfx/wide/gfx_wide.lst
