@adt/adt_sccz80.lst
@alloc/alloc_sccz80.lst
@arch/cpm/cpm_sccz80.lst
@arch/hbios/hbios_sccz80.lst
@compress/compress_sccz80.lst
@ctype/ctype_sccz80.lst
@drivers/drivers.lst
@error/error.lst
@fcntl/fcntl_sccz80.lst
@font/font_4x8/fonts.lst
@font/font_8x8/fonts.lst
@font/fzx/fzx_sccz80.lst
@im2/im2_sccz80.lst
@input/cpm/input_sccz80.lst
@inttypes/inttypes_sccz80.lst
@l/l.lst
@l/sccz80.lst
@libgen/libgen_sccz80.lst
@locale/locale.lst
@math/math_integer.lst
@math/math_integer_z180.lst
@math/math_float_sccz80_z180.lst
@network/network_sccz80.lst
@setjmp/setjmp_sccz80.lst
@stdio/stdio_sccz80.lst
@stdlib/stdlib_sccz80.lst
@string/string_sccz80.lst
@target/scz180/default/default.lst
@target/scz180/device/device_sccz80.lst
@target/scz180/driver/driver_sccz80.lst
@target/cpm/driver/driver.lst
@threads/threads_sccz80.lst
@time/time_sccz80.lst
@z180/z180_sccz80.lst
