font/font_8x8/_font_8x8_bbc_system
font/font_8x8/_font_8x8_clairsys
font/font_8x8/_font_8x8_clairsys_bold
font/font_8x8/_font_8x8_zx_system
font/font_8x8/_zx7_font_8x8_bbc_system
font/font_8x8/_zx7_font_8x8_clairsys
font/font_8x8/_zx7_font_8x8_clairsys_bold
font/font_8x8/_zx7_font_8x8_zx_system
font/font_8x8/_font_8x8_c64_system
font/font_8x8/_font_8x8_vga_rom
font/font_8x8/_font_8x8_cpc_system
font/font_8x8/_zx7_font_8x8_c64_system
font/font_8x8/_zx7_font_8x8_vga_rom
font/font_8x8/_zx7_font_8x8_cpc_system
font/font_8x8/_font_8x8_einstein_system
font/font_8x8/_font_8x8_msx_system
font/font_8x8/_font_8x8_pmd85_system
font/font_8x8/_font_8x8_sam_system
font/font_8x8/_zx7_font_8x8_einstein_system
font/font_8x8/_zx7_font_8x8_msx_system
font/font_8x8/_zx7_font_8x8_pmd85_system
font/font_8x8/_zx7_font_8x8_sam_system
