rect/obj/${TYPE}/r_IntersectIval16
rect/obj/${TYPE}/r_IntersectIval8
rect/obj/${TYPE}/r_IntersectRect16
rect/obj/${TYPE}/r_IntersectRect8
rect/obj/${TYPE}/r_IsIvalInIval16
rect/obj/${TYPE}/r_IsIvalInIval8
rect/obj/${TYPE}/r_IsPtInIval16
rect/obj/${TYPE}/r_IsPtInIval8
rect/obj/${TYPE}/r_IsPtInRect16
rect/obj/${TYPE}/r_IsPtInRect8
rect/obj/${TYPE}/r_IsRectInRect16
rect/obj/${TYPE}/r_IsRectInRect8
rect/obj/${TYPE}/RIntersectIval16
rect/obj/${TYPE}/RIntersectIval8
rect/obj/${TYPE}/RIntersectRect16
rect/obj/${TYPE}/RIntersectRect8
rect/obj/${TYPE}/RIsIvalInIval16
rect/obj/${TYPE}/RIsIvalInIval8
rect/obj/${TYPE}/RIsPtInIval16
rect/obj/${TYPE}/RIsPtInIval8
rect/obj/${TYPE}/RIsPtInRect16
rect/obj/${TYPE}/RIsPtInRect8
rect/obj/${TYPE}/RIsRectInRect16
rect/obj/${TYPE}/RIsRectInRect8
