sound/bit/c/sdcc_iy/bit_beep
sound/bit/c/sdcc_iy/bit_beep_callee
sound/bit/c/sdcc_iy/bit_beep_di
sound/bit/c/sdcc_iy/bit_beep_di_callee
sound/bit/c/sdcc_iy/bit_beep_raw
sound/bit/c/sdcc_iy/bit_beep_raw_callee
sound/bit/c/sdcc_iy/bit_beep_raw_di
sound/bit/c/sdcc_iy/bit_beep_raw_di_callee
sound/bit/c/sdcc_iy/bit_beepfx
sound/bit/c/sdcc_iy/bit_beepfx_fastcall
sound/bit/c/sdcc_iy/bit_beepfx_di
sound/bit/c/sdcc_iy/bit_beepfx_di_fastcall
sound/bit/c/sdcc_iy/bit_click
sound/bit/c/sdcc_iy/bit_click_di
sound/bit/c/sdcc_iy/bit_fx
sound/bit/c/sdcc_iy/bit_fx_fastcall
sound/bit/c/sdcc_iy/bit_fx_di
sound/bit/c/sdcc_iy/bit_fx_di_fastcall
sound/bit/c/sdcc_iy/bit_play
sound/bit/c/sdcc_iy/bit_play_fastcall
sound/bit/c/sdcc_iy/bit_play_di
sound/bit/c/sdcc_iy/bit_play_di_fastcall
sound/bit/c/sdcc_iy/bit_play_tritone
sound/bit/c/sdcc_iy/bit_play_tritone_fastcall
sound/bit/c/sdcc_iy/bit_play_tritone_di
sound/bit/c/sdcc_iy/bit_play_tritone_di_fastcall
sound/bit/c/sdcc_iy/bit_synth
sound/bit/c/sdcc_iy/bit_synth_callee
sound/bit/c/sdcc_iy/bit_synth_di
sound/bit/c/sdcc_iy/bit_synth_di_callee
@sound/bit/bit_asm.lst
