sdcard/sd_initialize
sdcard/sd_init_main
sdcard/sd_load
sdcard/sd_read_bytes
sdcard/sd_read_cid
sdcard/sd_read_csd
sdcard/sd_get_cid_csd
sdcard/sd_read_block_2gb
sdcard/sd_read_block_2gb_callee
sdcard/sd_write_block_2gb
sdcard/sd_write_block_2gb_callee
sdcard/sd_read_sector
sdcard/sd_read_sector_callee
sdcard/sd_write_sector
sdcard/sd_write_sector_callee
sdcard/sd_write_sector_main
sdcard/sd_send_command_string
sdcard/sd_send_eight_clocks
sdcard/sd_set_sector_addr_regs
sdcard/sd_set_sector_addr_lba0
sdcard/sd_sectors
sdcard/sd_size
sdcard/sd_wait_data_token
sdcard/UNSTUFF_BITS
sdcard/UNSTUFF_BITS_callee
