compress/zx7/c/sccz80/dzx7_agile_rcs
compress/zx7/c/sccz80/dzx7_agile_rcs_callee
compress/zx7/c/sccz80/dzx7_agile_rcs_back
compress/zx7/c/sccz80/dzx7_agile_rcs_back_callee
compress/zx7/c/sccz80/dzx7_mega
compress/zx7/c/sccz80/dzx7_mega_callee
compress/zx7/c/sccz80/dzx7_mega_back
compress/zx7/c/sccz80/dzx7_mega_back_callee
compress/zx7/c/sccz80/dzx7_smart_rcs
compress/zx7/c/sccz80/dzx7_smart_rcs_callee
compress/zx7/c/sccz80/dzx7_smart_rcs_back
compress/zx7/c/sccz80/dzx7_smart_rcs_back_callee
compress/zx7/c/sccz80/dzx7_standard
compress/zx7/c/sccz80/dzx7_standard_callee
compress/zx7/c/sccz80/dzx7_standard_back
compress/zx7/c/sccz80/dzx7_standard_back_callee
compress/zx7/c/sccz80/dzx7_turbo
compress/zx7/c/sccz80/dzx7_turbo_callee
compress/zx7/c/sccz80/dzx7_turbo_back
compress/zx7/c/sccz80/dzx7_turbo_back_callee
@compress/zx7/zx7_asm.lst
