sound/bit/c/sccz80/bit_beep
sound/bit/c/sccz80/bit_beep_callee
sound/bit/c/sccz80/bit_beep_di
sound/bit/c/sccz80/bit_beep_di_callee
sound/bit/c/sccz80/bit_beep_raw
sound/bit/c/sccz80/bit_beep_raw_callee
sound/bit/c/sccz80/bit_beep_raw_di
sound/bit/c/sccz80/bit_beep_raw_di_callee
sound/bit/c/sccz80/bit_beepfx
sound/bit/c/sccz80/bit_beepfx_di
sound/bit/c/sccz80/bit_click
sound/bit/c/sccz80/bit_click_di
sound/bit/c/sccz80/bit_fx
sound/bit/c/sccz80/bit_fx_di
sound/bit/c/sccz80/bit_play
sound/bit/c/sccz80/bit_play_di
sound/bit/c/sccz80/bit_play_tritone
sound/bit/c/sccz80/bit_play_tritone_di
sound/bit/c/sccz80/bit_synth
sound/bit/c/sccz80/bit_synth_callee
sound/bit/c/sccz80/bit_synth_di
sound/bit/c/sccz80/bit_synth_di_callee
@sound/bit/bit_asm.lst
