target/abc80/stdio/fgetc_cons
target/abc80/stdio/fputc_cons
target/abc80/stdio/getk
target/abc80/stdio/generic_console
@stdio/ansicore.lst
target/abc80/stdio/ansi/f_ansi_attr
target/abc80/stdio/ansi/f_ansi_bel
target/abc80/stdio/ansi/f_ansi_char
target/abc80/stdio/ansi/f_ansi_cls
target/abc80/stdio/ansi/f_ansi_dline
target/abc80/stdio/ansi/f_ansi_scrollup
@stdio/stdio.lst
target/abc80/time/clock
target/abc80/graphics/clsgraph
target/abc80/graphics/pixel
target/abc80/graphics/pointxy
@gfx/narrow/gfx_narrow.lst
games/obj/${TARGET}/joystick
target/abc80/abc80/abc_inv
target/abc80/abc80/abc_cursor
@z80.lst
