target/bee/stdio/fgetc_cons
target/bee/stdio/getk
target/bee/stdio/fputc_cons
@stdio/ansicore.lst
target/bee/stdio/ansi/f_ansi_attr
target/bee/stdio/ansi/f_ansi_bel
target/bee/stdio/ansi/f_ansi_char
target/bee/stdio/ansi/f_ansi_cls
target/bee/stdio/ansi/f_ansi_dline
target/bee/stdio/ansi/f_ansi_scrollup
target/bee/stdio/generic_console
target/bee/stdio/generic_console_ioctl
target/bee/stdio/conio_map_colour
target/bee/stdio/conio_vars
target/bee/stdio/CRT_FONT
target/shared/copy_font
@font/font_8x8/font_8x8.lst
@stdio/stdio.lst
target/bee/games/joystick
@games/games.lst
target/bee/graphics/textpixl
@gfx/gencon/gfx_gencon.lst
@z80.lst
