target/cpm/stdio/fgetc_cons
target/cpm/stdio/getk
target/cpm/stdio/fputc_cons
target/cpm/stdio/generic_console
@stdio/stdio_binary.lst
@time/time.lst
target/cpm/time/clock
target/cpm/time/time
target/cpm/cpm/subuserf
target/cpm/cpm/a_statusline
target/cpm/cpm/a_border
target/cpm/cpm/a_paper
target/cpm/cpm/a_ink
target/cpm/cpm/a_curx
target/cpm/cpm/a_cury
target/cpm/cpm/a_machine
target/cpm/cpm/a_machinever
target/cpm/cpm/a_biosver
target/cpm/cpm/a_memsize
target/cpm/cpm/a_driveb
target/cpm/cpm/a_serialport
target/cpm/cpm/a_keyspeed
target/cpm/cpm/cpm_platform_init
@target/cpm/fcntl/fcntl.lst
games/joystick
@z80.lst
