target/mz/stdio/fgetc_cons
target/mz/stdio/fputc_cons
target/mz/stdio/getk
target/mz/stdio/generic_console
target/mz/stdio/sharpmz_conversion
@stdio/ansicore.lst
target/mz/stdio/ansi/f_ansi_attr
target/mz/stdio/ansi/f_ansi_bel
target/mz/stdio/ansi/f_ansi_char
target/mz/stdio/ansi/f_ansi_cls
stdio/ansi/generic/f_ansi_dline
target/mz/stdio/ansi/f_ansi_scrollup
@stdio/stdio.lst
psg/sn76489/bit_open
target/mz/graphics/clsgraph
target/mz/graphics/plotpixl
target/mz/graphics/respixl
target/mz/graphics/xorpixl
target/mz/graphics/pointxy
@gfx/narrow/gfx_narrow.lst
@games/games.lst
psg/sn76489/psg_tone
psg/sn76489/psg_volume
psg/sn76489/psg_envelope
psg/sn76489/psg_init.asm
psg/sn76489/set_psg.asm
psg/sn76489/set_psg_callee.asm
@z80.lst
