stdio/inkey/fgetc_cons
stdio/inkey/getk
target/pasopia7/stdio/fputc_cons_native
target/pasopia7/stdio/CRT_FONT
target/pasopia7/stdio/generic_console
target/pasopia7/stdio/conio_map_colour
target/pasopia7/stdio/generic_console_ioctl
@font/font_8x8/font_8x8.lst
@stdio/stdio.lst
@input/input_keyboard.lst
target/pasopia7/games/joystick
@games/games.lst
@gfx/gencon/gfx_gencon1.lst
psg/sn76489/bit_open
psg/sn76489/psg_tone
psg/sn76489/psg_volume
psg/sn76489/psg_envelope
psg/sn76489/psg_init.asm
psg/sn76489/set_psg.asm
psg/sn76489/set_psg_callee.asm
@psg/psg.lst
@video/mc6845/mc6845.lst
@z80.lst
