target/pc88/pc88_break
target/pc88/pc88_breakon
target/pc88/pc88_breakoff
target/pc88/pc88_clearkey
target/pc88/pc88_v2mode
target/pc88/pc88_mode
target/pc88/pc88_8mhz
target/pc88/pc88_fm_addr
target/pc88/pc88_cursoroff
target/pc88/pc88_cursoron
target/pc88/pc88_locate
target/pc88/pc88_crtset
target/pc88/stdio/fgetc_cons
target/pc88/stdio/getk
target/pc88/stdio/fputc_cons
target/pc88/stdio/generic_console
target/pc88/stdio/generic_console_ioctl
target/pc88/stdio/printc_MODE2
target/pc88/stdio/conio_vars
target/pc88/stdio/CRT_FONT
@stdio/stdio_binary.lst
@font/font_8x8/font_8x8.lst
target/pc88/games/bit_open
target/pc88/games/bit_open_di
target/pc88/games/bit_close
target/pc88/games/bit_close_ei
games/joystick
target/pc88/time/clock
@games/games.lst
target/pc88/psg/set_psg
target/pc88/psg/set_psg_callee
target/pc88/psg/psg_init
@psg/psg.lst
@z80.lst
