target/pmd85/stdio/CRT_FONT
target/pmd85/stdio/conio_vars
target/pmd85/stdio/conio_map_colour
target/pmd85/stdio/generic_console
target/pmd85/stdio/generic_console_vpeek
target/pmd85/stdio/generic_console_ioctl
@stdio/stdio_8080.lst
stdio/inkey/getk
stdio/inkey/fgetc_cons
@time/time.lst
@input/input_keyboard.lst
@font/font_8x8/font_8x8.lst
target/pmd85/games/joystick
target/pmd85/games/keys_joystick
@games/games.lst
target/pmd85/graphics/clg
target/pmd85/graphics/w_pixladdr
target/pmd85/graphics/w_plotpixl
target/pmd85/graphics/w_respixl
target/pmd85/graphics/w_xorpixl
target/pmd85/graphics/w_pointxy
target/pmd85/graphics/__set_graphics_colour
@gfx/portable/gfx_portable_w.lst
@gfx/wide/gfx_wide.lst
@8080.lst
