target/sms/stdio/fputc_cons
target/shared/clock
target/sms/clear_vram
target/sms/load_palette
target/sms/VRAMToHL
target/sms/load_tiles
target/sms/DrawOneLine
target/sms/set_bkg_map
target/sms/standard_font
target/sms/scroll_bkg
target/sms/get_vcount
target/sms/wait_vblank_noint
target/sms/set_sprite
target/sms/read_joypad1
target/sms/read_joypad2
target/sms/gotoxy
target/sms/aplib_depack
target/sms/add_raster_int
target/sms/add_pause_int
@games/games.lst
psg/sn76489/bit_open
psg/sn76489/psg_tone
psg/sn76489/psg_volume
psg/sn76489/psg_envelope
psg/sn76489/psg_init.asm
psg/sn76489/set_psg.asm
psg/sn76489/set_psg_callee.asm
@video/tms9918/video_tms9918.lst
@stdio/stdio.lst
@z80.lst
