target/msx/stdio/fgetc_cons
target/msx/stdio/getk
target/msx/stdio/fputc_cons
target/svi/stdio/generic_console
@font/font_8x8/font_8x8.lst
@stdio/ansicore.lst
@stdio/stdio.lst
@input/input_keyboard.lst
target/msx/time/clock
@video/tms9918/video_tms9918.lst
@gfx/narrow/gfx_narrow.lst
target/svi/games/joystick
target/svi/games/keys_joystick
target/msx/games/bit_open
target/msx/games/bit_open_di
target/msx/games/bit_close
target/msx/games/bit_close_ei
@games/games.lst
target/msx/psg/psg_init
target/msx/psg/get_psg
target/msx/psg/set_psg
target/msx/psg/set_psg_callee
@psg/psg.lst
@video/mc6845/mc6845.lst
target/svi/rs232/rs232_close
target/svi/rs232/rs232_get
target/svi/rs232/rs232_init
target/svi/rs232/rs232_params
target/svi/rs232/rs232_put
@target/svi/arch_svi.lst
@z80.lst
