target/ticalc/stdio/fputc_cons
target/ticalc/stdio/fgetc_cons
target/ticalc/stdio/getk
target/ticalc/stdio/getk_decode
@stdio/ansicore.lst
target/ticalc/stdio/ansi/f_ansi_attr
target/ticalc/stdio/ansi/f_ansi_bel
target/ticalc/stdio/ansi/f_ansi_char
target/ticalc/stdio/ansi/f_ansi_cls
target/ticalc/stdio/ansi/f_ansi_dline
target/ticalc/stdio/ansi/f_ansi_scrollup
@stdio/stdio.lst
@target/ticalc/tigray.lst
target/ticalc/graphics/clg
target/ticalc/graphics/pixladdr
target/ticalc/graphics/putsprite
target/ticalc/graphics/bksave
target/ticalc/graphics/bkrestore
target/ticalc/graphics/swapgfxbk
@gfx/narrow/gfx_narrow.lst
target/ticalc/games/joystick
target/ticalc/games/bit_open
target/ticalc/games/bit_open_di
target/ticalc/games/bit_close
target/ticalc/games/bit_close_ei
@games/games.lst
@z80.lst
