target/vg5k/stdio/fgetc_cons
target/vg5k/stdio/getk
@stdio/ansicore.lst
target/vg5k/stdio/ansi/f_ansi_attr
target/vg5k/stdio/ansi/f_ansi_bel
target/vg5k/stdio/ansi/f_ansi_char
stdio/ansi/generic/f_ansi_cls
stdio/ansi/generic/f_ansi_dline
target/vg5k/stdio/ansi/f_ansi_scrollup
target/vg5k/stdio/generic_console
target/vg5k/stdio/generic_console_ioctl
target/vg5k/stdio/CRT_FONT
target/vg5k/stdio/set_character
target/vg5k/stdio/conio_map_colour
target/vg5k/stdio/conio_vars
@stdio/stdio_ixiy.lst
@font/font_8x8/font_8x8.lst
@input/input_keyboard.lst
target/vg5k/graphics/textpixl6
target/vg5k/graphics/cleargraphics
@gfx/gencon/gfx_gencon6.lst
target/vg5k/games/joystick
target/vg5k/games/keys_joystick
target/vg5k/games/bit_open
target/vg5k/games/bit_open_di
target/vg5k/games/bit_close
target/vg5k/games/bit_close_ei
@games/games.lst
@z80.lst
