@target/zx81/input_zx81.lst
target/zx81/stdio/fgetc_cons
target/zx81/stdio/getk
target/zx81/stdio/fputc_cons
target/zx81/stdio/generic_console
@stdio/ansicore.lst
target/zx81/stdio/ansi/f_ansi_attr
target/zx81/stdio/ansi/f_ansi_bel
@stdio/stdio_ixiy.lst
@stdlib/stdlib.lst
target/zx81/time/clock
target/zx81/games/joystick
target/zx81/games/bit_open
target/zx81/games/bit_open_di
target/zx81/games/bit_close
target/zx81/games/bit_close_ei
target/zx81/games/bit_fx
target/zx81/games/bit_fx2
target/zx81/games/bit_fx3
target/zx81/games/bit_fx4
target/zx81/games/beeper
target/zx81/games/bit_synth
@games/games.lst
z80_crt0s/z80_emu/afswap
@target/zx81/arch_zx81.lst
target/zx81/psg/set_psg
target/zx81/psg/set_psg_callee
target/zx81/psg/get_psg
target/zx81/psg/psg_init
@psg/psg.lst
@z80.lst
