target/px8/subcpu_call
target/px8/subcpu_command
target/px8/subcpu_function
target/px8/esc_sequence
target/px8/lcd_set_udg
target/px8/px8_break
gfx/wide/obj/px8/w_dcircle_square.asm
target/px8/graphics/draw
target/px8/graphics/drawr_callee
target/px8/graphics/undraw
target/px8/graphics/undrawr_callee
target/px8/graphics/xordraw
target/px8/graphics/xordrawr_callee
target/px8/graphics/w_stencil_render
target/px8/graphics/clg
target/px8/graphics/w_putsprite
target/px8/graphics/w_plotpixl
target/px8/graphics/w_respixl
target/px8/graphics/w_xorpixl
target/px8/graphics/w_pixeladdress
target/px8/graphics/w_pointxy
target/px8/graphics/w_bksave
target/px8/graphics/w_bkrestore
target/px8/graphics/w_clga_callee
target/px8/graphics/w_fillb_callee
target/px8/graphics/w_xorclga_callee
target/px8/graphics/w_area
@gfx/wide/gfx_wide.lst
@stdio/ansicore.lst
target/px8/stdio/ansi/f_ansi_attr
target/px8/stdio/ansi/f_ansi_bel
target/px8/stdio/ansi/f_ansi_char
target/px8/stdio/ansi/f_ansi_cls
stdio/ansi/generic/f_ansi_dline
target/px8/stdio/ansi/f_ansi_scrollup
target/px8/stdio/ansi/_font_8x6_px
